Using pre-set license
Built from '2021.3/staging' branch; Version is '2021.3.2f1 (d6360bedb9a0) revision 14038539'; Using compiler version '192829333'; Build Type 'Release'
OS: 'Windows 10  (10.0.19045) 64bit Core' Language: 'fr' Physical Memory: 31937 MB
BatchMode: 1, IsHumanControllingUs: 0, StartBugReporterOnCrash: 0, Is64bit: 1, IsPro: 1

COMMAND LINE ARGUMENTS:
C:\Users\Julie Legion\Documents\Code\rocket_league_ia\2021.3.2f1\Editor\Unity.exe
-adb2
-batchMode
-noUpm
-name
AssetImportWorker18
-projectPath
C:/Users/Julie Legion/Documents/Code/perso/bubble-merge/bubble-merge
-logFile
Logs/AssetImportWorker18.log
-srvPort
62798
Successfully changed project path to: C:/Users/Julie Legion/Documents/Code/perso/bubble-merge/bubble-merge
C:/Users/Julie Legion/Documents/Code/perso/bubble-merge/bubble-merge
[UnityMemory] Configuration Parameters - Can be set up in boot.config
    "memorysetup-bucket-allocator-granularity=16"
    "memorysetup-bucket-allocator-bucket-count=8"
    "memorysetup-bucket-allocator-block-size=33554432"
    "memorysetup-bucket-allocator-block-count=8"
    "memorysetup-main-allocator-block-size=16777216"
    "memorysetup-thread-allocator-block-size=16777216"
    "memorysetup-gfx-main-allocator-block-size=16777216"
    "memorysetup-gfx-thread-allocator-block-size=16777216"
    "memorysetup-cache-allocator-block-size=4194304"
    "memorysetup-typetree-allocator-block-size=2097152"
    "memorysetup-profiler-bucket-allocator-granularity=16"
    "memorysetup-profiler-bucket-allocator-bucket-count=8"
    "memorysetup-profiler-bucket-allocator-block-size=33554432"
    "memorysetup-profiler-bucket-allocator-block-count=8"
    "memorysetup-profiler-allocator-block-size=16777216"
    "memorysetup-profiler-editor-allocator-block-size=1048576"
    "memorysetup-temp-allocator-size-main=16777216"
    "memorysetup-job-temp-allocator-block-size=2097152"
    "memorysetup-job-temp-allocator-block-size-background=1048576"
    "memorysetup-job-temp-allocator-reduction-small-platforms=262144"
    "memorysetup-temp-allocator-size-background-worker=32768"
    "memorysetup-temp-allocator-size-job-worker=262144"
    "memorysetup-temp-allocator-size-preload-manager=33554432"
    "memorysetup-temp-allocator-size-nav-mesh-worker=65536"
    "memorysetup-temp-allocator-size-audio-worker=65536"
    "memorysetup-temp-allocator-size-cloud-worker=32768"
    "memorysetup-temp-allocator-size-gi-baking-worker=262144"
    "memorysetup-temp-allocator-size-gfx=262144"
Refreshing native plugins compatible for Editor in 81.27 ms, found 4 plugins.
Preloading 0 native plugins for Editor in 0.00 ms.
Initialize engine version: 2021.3.2f1 (d6360bedb9a0)
[Subsystems] Discovering subsystems at path C:/Users/Julie Legion/Documents/Code/rocket_league_ia/2021.3.2f1/Editor/Data/Resources/UnitySubsystems
[Subsystems] Discovering subsystems at path C:/Users/Julie Legion/Documents/Code/perso/bubble-merge/bubble-merge/Assets
GfxDevice: creating device client; threaded=0; jobified=0
Direct3D:
    Version:  Direct3D 11.0 [level 11.1]
    Renderer: NVIDIA GeForce RTX 4070 Laptop GPU (ID=0x2860)
    Vendor:   NVIDIA
    VRAM:     7963 MB
    Driver:   31.0.15.4633
Initialize mono
Mono path[0] = 'C:/Users/Julie Legion/Documents/Code/rocket_league_ia/2021.3.2f1/Editor/Data/Managed'
Mono path[1] = 'C:/Users/Julie Legion/Documents/Code/rocket_league_ia/2021.3.2f1/Editor/Data/MonoBleedingEdge/lib/mono/unityjit-win32'
Mono config path = 'C:/Users/Julie Legion/Documents/Code/rocket_league_ia/2021.3.2f1/Editor/Data/MonoBleedingEdge/etc'
Using monoOptions --debugger-agent=transport=dt_socket,embedding=1,server=y,suspend=n,address=127.0.0.1:56088
Begin MonoManager ReloadAssembly
Registering precompiled unity dll's ...
Register platform support module: C:/Users/Julie Legion/Documents/Code/rocket_league_ia/2021.3.2f1/Editor/Data/PlaybackEngines/WindowsStandaloneSupport/UnityEditor.WindowsStandalone.Extensions.dll
Registered in 0.006119 seconds.
Native extension for WindowsStandalone target not found
Refreshing native plugins compatible for Editor in 64.56 ms, found 4 plugins.
Preloading 0 native plugins for Editor in 0.00 ms.
Mono: successfully reloaded assembly
- Completed reload, in  0.402 seconds
Domain Reload Profiling:
	ReloadAssembly (402ms)
		BeginReloadAssembly (50ms)
			ExecutionOrderSort (0ms)
			DisableScriptedObjects (0ms)
			BackupInstance (0ms)
			ReleaseScriptingObjects (0ms)
			CreateAndSetChildDomain (1ms)
		EndReloadAssembly (282ms)
			LoadAssemblies (48ms)
			RebuildTransferFunctionScriptingTraits (0ms)
			SetupTypeCache (56ms)
			ReleaseScriptCaches (0ms)
			RebuildScriptCaches (16ms)
			SetupLoadedEditorAssemblies (178ms)
				LogAssemblyErrors (0ms)
				InitializePlatformSupportModulesInManaged (5ms)
				SetLoadedEditorAssemblies (0ms)
				RefreshPlugins (65ms)
				BeforeProcessingInitializeOnLoad (1ms)
				ProcessInitializeOnLoadAttributes (80ms)
				ProcessInitializeOnLoadMethodAttributes (27ms)
				AfterProcessingInitializeOnLoad (0ms)
				EditorAssembliesLoaded (0ms)
			ExecutionOrderSort2 (0ms)
			AwakeInstancesAfterBackupRestoration (0ms)
Platform modules already initialized, skipping
Registering precompiled user dll's ...
Registered in 0.005207 seconds.
Begin MonoManager ReloadAssembly
Symbol file LoadedFromMemory doesn't match image C:\Users\Julie Legion\Documents\Code\perso\bubble-merge\bubble-merge\Library\PackageCache\com.unity.visualscripting@1.7.6\Editor\VisualScripting.Core\Dependencies\YamlDotNet\Unity.VisualScripting.YamlDotNet.dll
Symbol file LoadedFromMemory doesn't match image C:\Users\Julie Legion\Documents\Code\perso\bubble-merge\bubble-merge\Library\PackageCache\com.unity.visualscripting@1.7.6\Editor\VisualScripting.Core\Dependencies\DotNetZip\Unity.VisualScripting.IonicZip.dll
Native extension for WindowsStandalone target not found
Refreshing native plugins compatible for Editor in 66.47 ms, found 4 plugins.
Preloading 0 native plugins for Editor in 0.00 ms.
Mono: successfully reloaded assembly
Package Manager log level set to [2]
- Completed reload, in  0.733 seconds
Domain Reload Profiling:
	ReloadAssembly (734ms)
		BeginReloadAssembly (80ms)
			ExecutionOrderSort (0ms)
			DisableScriptedObjects (4ms)
			BackupInstance (0ms)
			ReleaseScriptingObjects (0ms)
			CreateAndSetChildDomain (18ms)
		EndReloadAssembly (579ms)
			LoadAssemblies (60ms)
			RebuildTransferFunctionScriptingTraits (0ms)
			SetupTypeCache (138ms)
			ReleaseScriptCaches (1ms)
			RebuildScriptCaches (33ms)
			SetupLoadedEditorAssemblies (319ms)
				LogAssemblyErrors (0ms)
				InitializePlatformSupportModulesInManaged (4ms)
				SetLoadedEditorAssemblies (0ms)
				RefreshPlugins (67ms)
				BeforeProcessingInitializeOnLoad (79ms)
				ProcessInitializeOnLoadAttributes (136ms)
				ProcessInitializeOnLoadMethodAttributes (26ms)
				AfterProcessingInitializeOnLoad (8ms)
				EditorAssembliesLoaded (0ms)
			ExecutionOrderSort2 (0ms)
			AwakeInstancesAfterBackupRestoration (4ms)
Platform modules already initialized, skipping
========================================================================
Worker process is ready to serve import requests
Launched and connected shader compiler UnityShaderCompiler.exe after 0.03 seconds
Refreshing native plugins compatible for Editor in 0.75 ms, found 4 plugins.
Preloading 0 native plugins for Editor in 0.00 ms.
Unloading 4264 Unused Serialized files (Serialized files now loaded: 0)
Unloading 52 unused Assets / (30.3 KB). Loaded Objects now: 4728.
Memory consumption went from 177.0 MB to 176.9 MB.
Total: 2.973100 ms (FindLiveObjects: 0.305400 ms CreateObjectMapping: 0.073800 ms MarkObjects: 2.564200 ms  DeleteObjects: 0.028800 ms)

AssetImportParameters requested are different than current active one (requested -> active):
  custom:video-decoder-ogg-theora: a1e56fd34408186e4bbccfd4996cb3dc -> 
  custom:container-muxer-webm: aa71ff27fc2769a1b78a27578f13a17b -> 
  custom:container-demuxer-webm: 4f35f7cbe854078d1ac9338744f61a02 -> 
  custom:video-encoder-webm-vp8: eb34c28f22e8b96e1ab97ce403110664 -> 
  custom:audio-encoder-webm-vorbis: bf7c407c2cedff20999df2af8eb42d56 -> 
  custom:framework-win-MediaFoundation: 216162199b28c13a410421893ffa2e32 -> 
  custom:container-demuxer-ogg: 62fdf1f143b41e24485cea50d1cbac27 -> 
  custom:video-decoder-webm-vp8: 9c59270c3fd7afecdb556c50c9e8de78 -> 
  custom:audio-decoder-ogg-vorbis: bf7c407c2cedff20999df2af8eb42d56 -> 
========================================================================
Received Import Request.
  Time since last request: 179944.231129 seconds.
  path: Assets/prefab/2.prefab
  artifactKey: Guid(59f7d7d93cd310142b3b71a489292668) Importer(815301076,1909f56bfc062723c751e8b465ee728b)
Start importing Assets/prefab/2.prefab using Guid(59f7d7d93cd310142b3b71a489292668) Importer(815301076,1909f56bfc062723c751e8b465ee728b)  -> (artifact id: 'faf2a9572102a4b3b9ca162d81b5d056') in 0.093844 seconds 
========================================================================
Received Import Request.
  Time since last request: 18.586922 seconds.
  path: Assets/prefab/3.prefab
  artifactKey: Guid(6c6c11379e8de964f9769549973e6a31) Importer(815301076,1909f56bfc062723c751e8b465ee728b)
Start importing Assets/prefab/3.prefab using Guid(6c6c11379e8de964f9769549973e6a31) Importer(815301076,1909f56bfc062723c751e8b465ee728b)  -> (artifact id: '25e3c3efbf7b5ec97ef3b535eb84799c') in 0.016760 seconds 
========================================================================
Received Import Request.
  Time since last request: 0.000016 seconds.
  path: Assets/prefab/5.prefab
  artifactKey: Guid(5bc789629d942df42840efca9a2a6ea0) Importer(815301076,1909f56bfc062723c751e8b465ee728b)
Start importing Assets/prefab/5.prefab using Guid(5bc789629d942df42840efca9a2a6ea0) Importer(815301076,1909f56bfc062723c751e8b465ee728b)  -> (artifact id: '88b9868d810861673a5436e54818d4d4') in 0.012845 seconds 
========================================================================
Received Import Request.
  Time since last request: 3.800272 seconds.
  path: Assets/prefab/3.prefab
  artifactKey: Guid(6c6c11379e8de964f9769549973e6a31) Importer(815301076,1909f56bfc062723c751e8b465ee728b)
Start importing Assets/prefab/3.prefab using Guid(6c6c11379e8de964f9769549973e6a31) Importer(815301076,1909f56bfc062723c751e8b465ee728b)  -> (artifact id: '1a06d2003c1c1afa6c82e1e0ab8caae3') in 0.016385 seconds 
========================================================================
Received Import Request.
  Time since last request: 5.848164 seconds.
  path: Assets/prefab/4.prefab
  artifactKey: Guid(951804ba155bd464f99aca832045152c) Importer(815301076,1909f56bfc062723c751e8b465ee728b)
Start importing Assets/prefab/4.prefab using Guid(951804ba155bd464f99aca832045152c) Importer(815301076,1909f56bfc062723c751e8b465ee728b)  -> (artifact id: 'a1adb16a6d43ab8234bce6f8cbd0654a') in 0.014511 seconds 
========================================================================
Received Import Request.
  Time since last request: 5.657096 seconds.
  path: Assets/prefab/4.prefab
  artifactKey: Guid(951804ba155bd464f99aca832045152c) Importer(815301076,1909f56bfc062723c751e8b465ee728b)
Start importing Assets/prefab/4.prefab using Guid(951804ba155bd464f99aca832045152c) Importer(815301076,1909f56bfc062723c751e8b465ee728b)  -> (artifact id: '80f3df37a9bca372aa889e04adf87b7f') in 0.019680 seconds 
========================================================================
Received Import Request.
  Time since last request: 2.697511 seconds.
  path: Assets/prefab/5.prefab
  artifactKey: Guid(5bc789629d942df42840efca9a2a6ea0) Importer(815301076,1909f56bfc062723c751e8b465ee728b)
Start importing Assets/prefab/5.prefab using Guid(5bc789629d942df42840efca9a2a6ea0) Importer(815301076,1909f56bfc062723c751e8b465ee728b)  -> (artifact id: '2473e17371c5e90c9c3773c3e242c3ce') in 0.013611 seconds 
========================================================================
Received Import Request.
  Time since last request: 4.282675 seconds.
  path: Assets/prefab/6.prefab
  artifactKey: Guid(c11be1d1e70430e478c5ae8e1a85380f) Importer(815301076,1909f56bfc062723c751e8b465ee728b)
Start importing Assets/prefab/6.prefab using Guid(c11be1d1e70430e478c5ae8e1a85380f) Importer(815301076,1909f56bfc062723c751e8b465ee728b)  -> (artifact id: '289ee815d36e363c8ee9fe0924c5ab2d') in 0.018388 seconds 
========================================================================
Received Prepare
Registering precompiled user dll's ...
Registered in 0.005144 seconds.
Begin MonoManager ReloadAssembly
Symbol file LoadedFromMemory doesn't match image C:\Users\Julie Legion\Documents\Code\perso\bubble-merge\bubble-merge\Library\PackageCache\com.unity.visualscripting@1.7.6\Editor\VisualScripting.Core\Dependencies\YamlDotNet\Unity.VisualScripting.YamlDotNet.dll
Symbol file LoadedFromMemory doesn't match image C:\Users\Julie Legion\Documents\Code\perso\bubble-merge\bubble-merge\Library\PackageCache\com.unity.visualscripting@1.7.6\Editor\VisualScripting.Core\Dependencies\DotNetZip\Unity.VisualScripting.IonicZip.dll
Native extension for WindowsStandalone target not found
Refreshing native plugins compatible for Editor in 0.83 ms, found 4 plugins.
Preloading 0 native plugins for Editor in 0.00 ms.
Mono: successfully reloaded assembly
- Completed reload, in  0.733 seconds
Domain Reload Profiling:
	ReloadAssembly (734ms)
		BeginReloadAssembly (114ms)
			ExecutionOrderSort (0ms)
			DisableScriptedObjects (4ms)
			BackupInstance (0ms)
			ReleaseScriptingObjects (0ms)
			CreateAndSetChildDomain (39ms)
		EndReloadAssembly (551ms)
			LoadAssemblies (72ms)
			RebuildTransferFunctionScriptingTraits (0ms)
			SetupTypeCache (161ms)
			ReleaseScriptCaches (1ms)
			RebuildScriptCaches (32ms)
			SetupLoadedEditorAssemblies (255ms)
				LogAssemblyErrors (0ms)
				InitializePlatformSupportModulesInManaged (9ms)
				SetLoadedEditorAssemblies (0ms)
				RefreshPlugins (1ms)
				BeforeProcessingInitializeOnLoad (63ms)
				ProcessInitializeOnLoadAttributes (147ms)
				ProcessInitializeOnLoadMethodAttributes (27ms)
				AfterProcessingInitializeOnLoad (8ms)
				EditorAssembliesLoaded (0ms)
			ExecutionOrderSort2 (0ms)
			AwakeInstancesAfterBackupRestoration (8ms)
Platform modules already initialized, skipping
Refreshing native plugins compatible for Editor in 4.04 ms, found 4 plugins.
Preloading 0 native plugins for Editor in 0.00 ms.
Unloading 4253 Unused Serialized files (Serialized files now loaded: 0)
Unloading 40 unused Assets / (24.5 KB). Loaded Objects now: 4737.
Memory consumption went from 180.7 MB to 180.7 MB.
Total: 2.566500 ms (FindLiveObjects: 0.260900 ms CreateObjectMapping: 0.088400 ms MarkObjects: 2.195600 ms  DeleteObjects: 0.021100 ms)

AssetImportParameters requested are different than current active one (requested -> active):
  custom:video-decoder-ogg-theora: a1e56fd34408186e4bbccfd4996cb3dc -> 
  custom:container-muxer-webm: aa71ff27fc2769a1b78a27578f13a17b -> 
  custom:container-demuxer-webm: 4f35f7cbe854078d1ac9338744f61a02 -> 
  custom:video-encoder-webm-vp8: eb34c28f22e8b96e1ab97ce403110664 -> 
  custom:audio-encoder-webm-vorbis: bf7c407c2cedff20999df2af8eb42d56 -> 
  custom:framework-win-MediaFoundation: 216162199b28c13a410421893ffa2e32 -> 
  custom:container-demuxer-ogg: 62fdf1f143b41e24485cea50d1cbac27 -> 
  custom:video-decoder-webm-vp8: 9c59270c3fd7afecdb556c50c9e8de78 -> 
  custom:audio-decoder-ogg-vorbis: bf7c407c2cedff20999df2af8eb42d56 -> 
Editor requested this worker to shutdown with reason: Scaling down because of idle timeout
AssetImportWorker is now disconnected from the server
Process exiting
Exiting without the bug reporter. Application will terminate with return code 0