Using pre-set license
Built from '2021.3/staging' branch; Version is '2021.3.2f1 (d6360bedb9a0) revision 14038539'; Using compiler version '192829333'; Build Type 'Release'
OS: 'Windows 10  (10.0.19045) 64bit Core' Language: 'fr' Physical Memory: 31937 MB
BatchMode: 1, IsHumanControllingUs: 0, StartBugReporterOnCrash: 0, Is64bit: 1, IsPro: 1

COMMAND LINE ARGUMENTS:
C:\Users\Julie Legion\Documents\Code\rocket_league_ia\2021.3.2f1\Editor\Unity.exe
-adb2
-batchMode
-noUpm
-name
AssetImportWorker27
-projectPath
C:/Users/Julie Legion/Documents/Code/perso/bubble-merge/bubble-merge
-logFile
Logs/AssetImportWorker27.log
-srvPort
62798
Successfully changed project path to: C:/Users/Julie Legion/Documents/Code/perso/bubble-merge/bubble-merge
C:/Users/Julie Legion/Documents/Code/perso/bubble-merge/bubble-merge
[UnityMemory] Configuration Parameters - Can be set up in boot.config
    "memorysetup-bucket-allocator-granularity=16"
    "memorysetup-bucket-allocator-bucket-count=8"
    "memorysetup-bucket-allocator-block-size=33554432"
    "memorysetup-bucket-allocator-block-count=8"
    "memorysetup-main-allocator-block-size=16777216"
    "memorysetup-thread-allocator-block-size=16777216"
    "memorysetup-gfx-main-allocator-block-size=16777216"
    "memorysetup-gfx-thread-allocator-block-size=16777216"
    "memorysetup-cache-allocator-block-size=4194304"
    "memorysetup-typetree-allocator-block-size=2097152"
    "memorysetup-profiler-bucket-allocator-granularity=16"
    "memorysetup-profiler-bucket-allocator-bucket-count=8"
    "memorysetup-profiler-bucket-allocator-block-size=33554432"
    "memorysetup-profiler-bucket-allocator-block-count=8"
    "memorysetup-profiler-allocator-block-size=16777216"
    "memorysetup-profiler-editor-allocator-block-size=1048576"
    "memorysetup-temp-allocator-size-main=16777216"
    "memorysetup-job-temp-allocator-block-size=2097152"
    "memorysetup-job-temp-allocator-block-size-background=1048576"
    "memorysetup-job-temp-allocator-reduction-small-platforms=262144"
    "memorysetup-temp-allocator-size-background-worker=32768"
    "memorysetup-temp-allocator-size-job-worker=262144"
    "memorysetup-temp-allocator-size-preload-manager=33554432"
    "memorysetup-temp-allocator-size-nav-mesh-worker=65536"
    "memorysetup-temp-allocator-size-audio-worker=65536"
    "memorysetup-temp-allocator-size-cloud-worker=32768"
    "memorysetup-temp-allocator-size-gi-baking-worker=262144"
    "memorysetup-temp-allocator-size-gfx=262144"
Refreshing native plugins compatible for Editor in 69.52 ms, found 4 plugins.
Preloading 0 native plugins for Editor in 0.00 ms.
Initialize engine version: 2021.3.2f1 (d6360bedb9a0)
[Subsystems] Discovering subsystems at path C:/Users/Julie Legion/Documents/Code/rocket_league_ia/2021.3.2f1/Editor/Data/Resources/UnitySubsystems
[Subsystems] Discovering subsystems at path C:/Users/Julie Legion/Documents/Code/perso/bubble-merge/bubble-merge/Assets
GfxDevice: creating device client; threaded=0; jobified=0
Direct3D:
    Version:  Direct3D 11.0 [level 11.1]
    Renderer: NVIDIA GeForce RTX 4070 Laptop GPU (ID=0x2860)
    Vendor:   NVIDIA
    VRAM:     7963 MB
    Driver:   31.0.15.4633
Initialize mono
Mono path[0] = 'C:/Users/Julie Legion/Documents/Code/rocket_league_ia/2021.3.2f1/Editor/Data/Managed'
Mono path[1] = 'C:/Users/Julie Legion/Documents/Code/rocket_league_ia/2021.3.2f1/Editor/Data/MonoBleedingEdge/lib/mono/unityjit-win32'
Mono config path = 'C:/Users/Julie Legion/Documents/Code/rocket_league_ia/2021.3.2f1/Editor/Data/MonoBleedingEdge/etc'
Using monoOptions --debugger-agent=transport=dt_socket,embedding=1,server=y,suspend=n,address=127.0.0.1:56152
Begin MonoManager ReloadAssembly
Registering precompiled unity dll's ...
Register platform support module: C:/Users/Julie Legion/Documents/Code/rocket_league_ia/2021.3.2f1/Editor/Data/PlaybackEngines/WindowsStandaloneSupport/UnityEditor.WindowsStandalone.Extensions.dll
Registered in 0.006058 seconds.
Native extension for WindowsStandalone target not found
Refreshing native plugins compatible for Editor in 64.29 ms, found 4 plugins.
Preloading 0 native plugins for Editor in 0.00 ms.
Mono: successfully reloaded assembly
- Completed reload, in  0.422 seconds
Domain Reload Profiling:
	ReloadAssembly (422ms)
		BeginReloadAssembly (47ms)
			ExecutionOrderSort (0ms)
			DisableScriptedObjects (0ms)
			BackupInstance (0ms)
			ReleaseScriptingObjects (0ms)
			CreateAndSetChildDomain (1ms)
		EndReloadAssembly (301ms)
			LoadAssemblies (46ms)
			RebuildTransferFunctionScriptingTraits (0ms)
			SetupTypeCache (70ms)
			ReleaseScriptCaches (0ms)
			RebuildScriptCaches (17ms)
			SetupLoadedEditorAssemblies (180ms)
				LogAssemblyErrors (0ms)
				InitializePlatformSupportModulesInManaged (5ms)
				SetLoadedEditorAssemblies (0ms)
				RefreshPlugins (64ms)
				BeforeProcessingInitializeOnLoad (1ms)
				ProcessInitializeOnLoadAttributes (81ms)
				ProcessInitializeOnLoadMethodAttributes (27ms)
				AfterProcessingInitializeOnLoad (0ms)
				EditorAssembliesLoaded (0ms)
			ExecutionOrderSort2 (0ms)
			AwakeInstancesAfterBackupRestoration (0ms)
Platform modules already initialized, skipping
Registering precompiled user dll's ...
Registered in 0.005711 seconds.
Begin MonoManager ReloadAssembly
Symbol file LoadedFromMemory doesn't match image C:\Users\Julie Legion\Documents\Code\perso\bubble-merge\bubble-merge\Library\PackageCache\com.unity.visualscripting@1.7.6\Editor\VisualScripting.Core\Dependencies\YamlDotNet\Unity.VisualScripting.YamlDotNet.dll
Symbol file LoadedFromMemory doesn't match image C:\Users\Julie Legion\Documents\Code\perso\bubble-merge\bubble-merge\Library\PackageCache\com.unity.visualscripting@1.7.6\Editor\VisualScripting.Core\Dependencies\DotNetZip\Unity.VisualScripting.IonicZip.dll
Native extension for WindowsStandalone target not found
Refreshing native plugins compatible for Editor in 66.60 ms, found 4 plugins.
Preloading 0 native plugins for Editor in 0.00 ms.
Mono: successfully reloaded assembly
Package Manager log level set to [2]
- Completed reload, in  0.740 seconds
Domain Reload Profiling:
	ReloadAssembly (740ms)
		BeginReloadAssembly (73ms)
			ExecutionOrderSort (0ms)
			DisableScriptedObjects (3ms)
			BackupInstance (0ms)
			ReleaseScriptingObjects (0ms)
			CreateAndSetChildDomain (17ms)
		EndReloadAssembly (590ms)
			LoadAssemblies (58ms)
			RebuildTransferFunctionScriptingTraits (0ms)
			SetupTypeCache (138ms)
			ReleaseScriptCaches (1ms)
			RebuildScriptCaches (39ms)
			SetupLoadedEditorAssemblies (320ms)
				LogAssemblyErrors (0ms)
				InitializePlatformSupportModulesInManaged (4ms)
				SetLoadedEditorAssemblies (0ms)
				RefreshPlugins (67ms)
				BeforeProcessingInitializeOnLoad (78ms)
				ProcessInitializeOnLoadAttributes (139ms)
				ProcessInitializeOnLoadMethodAttributes (26ms)
				AfterProcessingInitializeOnLoad (6ms)
				EditorAssembliesLoaded (0ms)
			ExecutionOrderSort2 (0ms)
			AwakeInstancesAfterBackupRestoration (4ms)
Platform modules already initialized, skipping
========================================================================
Worker process is ready to serve import requests
Launched and connected shader compiler UnityShaderCompiler.exe after 0.03 seconds
Refreshing native plugins compatible for Editor in 0.84 ms, found 4 plugins.
Preloading 0 native plugins for Editor in 0.00 ms.
Unloading 4264 Unused Serialized files (Serialized files now loaded: 0)
Unloading 52 unused Assets / (30.3 KB). Loaded Objects now: 4728.
Memory consumption went from 177.0 MB to 176.9 MB.
Total: 3.093400 ms (FindLiveObjects: 0.284500 ms CreateObjectMapping: 0.146600 ms MarkObjects: 2.638700 ms  DeleteObjects: 0.023200 ms)

AssetImportParameters requested are different than current active one (requested -> active):
  custom:video-decoder-ogg-theora: a1e56fd34408186e4bbccfd4996cb3dc -> 
  custom:container-muxer-webm: aa71ff27fc2769a1b78a27578f13a17b -> 
  custom:container-demuxer-webm: 4f35f7cbe854078d1ac9338744f61a02 -> 
  custom:video-encoder-webm-vp8: eb34c28f22e8b96e1ab97ce403110664 -> 
  custom:audio-encoder-webm-vorbis: bf7c407c2cedff20999df2af8eb42d56 -> 
  custom:framework-win-MediaFoundation: 216162199b28c13a410421893ffa2e32 -> 
  custom:container-demuxer-ogg: 62fdf1f143b41e24485cea50d1cbac27 -> 
  custom:video-decoder-webm-vp8: 9c59270c3fd7afecdb556c50c9e8de78 -> 
  custom:audio-decoder-ogg-vorbis: bf7c407c2cedff20999df2af8eb42d56 -> 
========================================================================
Received Import Request.
  Time since last request: 185547.215873 seconds.
  path: Assets/prefab/2.prefab
  artifactKey: Guid(59f7d7d93cd310142b3b71a489292668) Importer(815301076,1909f56bfc062723c751e8b465ee728b)
Start importing Assets/prefab/2.prefab using Guid(59f7d7d93cd310142b3b71a489292668) Importer(815301076,1909f56bfc062723c751e8b465ee728b)  -> (artifact id: '5fc1e134a07ca485dd60dc11be0d4501') in 0.078306 seconds 
========================================================================
Received Import Request.
  Time since last request: 1.734427 seconds.
  path: Assets/prefab/2.prefab
  artifactKey: Guid(59f7d7d93cd310142b3b71a489292668) Importer(815301076,1909f56bfc062723c751e8b465ee728b)
Start importing Assets/prefab/2.prefab using Guid(59f7d7d93cd310142b3b71a489292668) Importer(815301076,1909f56bfc062723c751e8b465ee728b)  -> (artifact id: 'a19b0b14adc2d33bf151ae0d5ec05530') in 0.015467 seconds 
========================================================================
Received Import Request.
  Time since last request: 2.418775 seconds.
  path: Assets/prefab/2.prefab
  artifactKey: Guid(59f7d7d93cd310142b3b71a489292668) Importer(815301076,1909f56bfc062723c751e8b465ee728b)
Start importing Assets/prefab/2.prefab using Guid(59f7d7d93cd310142b3b71a489292668) Importer(815301076,1909f56bfc062723c751e8b465ee728b)  -> (artifact id: '3ee2158d6c3114e0e215ecde8ea9e1b7') in 0.012796 seconds 
========================================================================
Received Import Request.
  Time since last request: 0.000016 seconds.
  path: Assets/prefab/4.prefab
  artifactKey: Guid(951804ba155bd464f99aca832045152c) Importer(815301076,1909f56bfc062723c751e8b465ee728b)
Start importing Assets/prefab/4.prefab using Guid(951804ba155bd464f99aca832045152c) Importer(815301076,1909f56bfc062723c751e8b465ee728b)  -> (artifact id: '8599747420c84690046cd3156994a9e4') in 0.012226 seconds 
========================================================================
Received Import Request.
  Time since last request: 2.610540 seconds.
  path: Assets/prefab/2.prefab
  artifactKey: Guid(59f7d7d93cd310142b3b71a489292668) Importer(815301076,1909f56bfc062723c751e8b465ee728b)
Start importing Assets/prefab/2.prefab using Guid(59f7d7d93cd310142b3b71a489292668) Importer(815301076,1909f56bfc062723c751e8b465ee728b)  -> (artifact id: 'c4349b6a6978412818f70a58030eab97') in 0.012935 seconds 
========================================================================
Received Import Request.
  Time since last request: 0.000018 seconds.
  path: Assets/prefab/4.prefab
  artifactKey: Guid(951804ba155bd464f99aca832045152c) Importer(815301076,1909f56bfc062723c751e8b465ee728b)
Start importing Assets/prefab/4.prefab using Guid(951804ba155bd464f99aca832045152c) Importer(815301076,1909f56bfc062723c751e8b465ee728b)  -> (artifact id: '41dad653ec02e3637aa6e5264c8b7538') in 0.012543 seconds 
========================================================================
Received Import Request.
  Time since last request: 1.789772 seconds.
  path: Assets/prefab/2.prefab
  artifactKey: Guid(59f7d7d93cd310142b3b71a489292668) Importer(815301076,1909f56bfc062723c751e8b465ee728b)
Start importing Assets/prefab/2.prefab using Guid(59f7d7d93cd310142b3b71a489292668) Importer(815301076,1909f56bfc062723c751e8b465ee728b)  -> (artifact id: 'd8ad372c464c814af7003fb764679c69') in 0.012851 seconds 
========================================================================
Received Import Request.
  Time since last request: 3.418195 seconds.
  path: Assets/prefab/1.prefab
  artifactKey: Guid(09d7057108189a648a6fbfdcf40efe4e) Importer(815301076,1909f56bfc062723c751e8b465ee728b)
Start importing Assets/prefab/1.prefab using Guid(09d7057108189a648a6fbfdcf40efe4e) Importer(815301076,1909f56bfc062723c751e8b465ee728b)  -> (artifact id: '7132b1777bc6299fecf85f21db1b05cc') in 0.013666 seconds 
========================================================================
Received Import Request.
  Time since last request: 0.000017 seconds.
  path: Assets/prefab/2.prefab
  artifactKey: Guid(59f7d7d93cd310142b3b71a489292668) Importer(815301076,1909f56bfc062723c751e8b465ee728b)
Start importing Assets/prefab/2.prefab using Guid(59f7d7d93cd310142b3b71a489292668) Importer(815301076,1909f56bfc062723c751e8b465ee728b)  -> (artifact id: '3c5690161f238028820f4c9108f4db5d') in 0.012872 seconds 
========================================================================
Received Import Request.
  Time since last request: 4.163182 seconds.
  path: Assets/prefab/1.prefab
  artifactKey: Guid(09d7057108189a648a6fbfdcf40efe4e) Importer(815301076,1909f56bfc062723c751e8b465ee728b)
Start importing Assets/prefab/1.prefab using Guid(09d7057108189a648a6fbfdcf40efe4e) Importer(815301076,1909f56bfc062723c751e8b465ee728b)  -> (artifact id: '85f73661c1681f208b8e0850a19a650e') in 0.013843 seconds 
========================================================================
Received Import Request.
  Time since last request: 0.000017 seconds.
  path: Assets/prefab/2.prefab
  artifactKey: Guid(59f7d7d93cd310142b3b71a489292668) Importer(815301076,1909f56bfc062723c751e8b465ee728b)
Start importing Assets/prefab/2.prefab using Guid(59f7d7d93cd310142b3b71a489292668) Importer(815301076,1909f56bfc062723c751e8b465ee728b)  -> (artifact id: '4e7fabf4062a6d1570ab3a84de691098') in 0.013367 seconds 
========================================================================
Received Import Request.
  Time since last request: 1.584259 seconds.
  path: Assets/prefab/1.prefab
  artifactKey: Guid(09d7057108189a648a6fbfdcf40efe4e) Importer(815301076,1909f56bfc062723c751e8b465ee728b)
Start importing Assets/prefab/1.prefab using Guid(09d7057108189a648a6fbfdcf40efe4e) Importer(815301076,1909f56bfc062723c751e8b465ee728b)  -> (artifact id: 'e8b2e997c830464fb25793314c3dc9d4') in 0.013517 seconds 
========================================================================
Received Import Request.
  Time since last request: 0.000016 seconds.
  path: Assets/prefab/3.prefab
  artifactKey: Guid(6c6c11379e8de964f9769549973e6a31) Importer(815301076,1909f56bfc062723c751e8b465ee728b)
Start importing Assets/prefab/3.prefab using Guid(6c6c11379e8de964f9769549973e6a31) Importer(815301076,1909f56bfc062723c751e8b465ee728b)  -> (artifact id: '3764a153a562f9e0335c7ac193cadf5b') in 0.012528 seconds 
========================================================================
Received Import Request.
  Time since last request: 2.204585 seconds.
  path: Assets/prefab/1.prefab
  artifactKey: Guid(09d7057108189a648a6fbfdcf40efe4e) Importer(815301076,1909f56bfc062723c751e8b465ee728b)
Start importing Assets/prefab/1.prefab using Guid(09d7057108189a648a6fbfdcf40efe4e) Importer(815301076,1909f56bfc062723c751e8b465ee728b)  -> (artifact id: '3d55767c7422ad4be9c88a0f035a1100') in 0.013671 seconds 
========================================================================
Received Import Request.
  Time since last request: 0.000016 seconds.
  path: Assets/prefab/2.prefab
  artifactKey: Guid(59f7d7d93cd310142b3b71a489292668) Importer(815301076,1909f56bfc062723c751e8b465ee728b)
Start importing Assets/prefab/2.prefab using Guid(59f7d7d93cd310142b3b71a489292668) Importer(815301076,1909f56bfc062723c751e8b465ee728b)  -> (artifact id: '9cf3e7cc51d40dac1102d499a3f2f64f') in 0.012625 seconds 
========================================================================
Received Import Request.
  Time since last request: 1.780498 seconds.
  path: Assets/prefab/1.prefab
  artifactKey: Guid(09d7057108189a648a6fbfdcf40efe4e) Importer(815301076,1909f56bfc062723c751e8b465ee728b)
Start importing Assets/prefab/1.prefab using Guid(09d7057108189a648a6fbfdcf40efe4e) Importer(815301076,1909f56bfc062723c751e8b465ee728b)  -> (artifact id: '2e77758be60617af801a0a79d2b1927c') in 0.012995 seconds 
========================================================================
Received Import Request.
  Time since last request: 0.000020 seconds.
  path: Assets/prefab/2.prefab
  artifactKey: Guid(59f7d7d93cd310142b3b71a489292668) Importer(815301076,1909f56bfc062723c751e8b465ee728b)
Start importing Assets/prefab/2.prefab using Guid(59f7d7d93cd310142b3b71a489292668) Importer(815301076,1909f56bfc062723c751e8b465ee728b)  -> (artifact id: '0ac06ea73fc510f66fe1183d46a234ce') in 0.013948 seconds 
========================================================================
Received Import Request.
  Time since last request: 1.208041 seconds.
  path: Assets/prefab/1.prefab
  artifactKey: Guid(09d7057108189a648a6fbfdcf40efe4e) Importer(815301076,1909f56bfc062723c751e8b465ee728b)
Start importing Assets/prefab/1.prefab using Guid(09d7057108189a648a6fbfdcf40efe4e) Importer(815301076,1909f56bfc062723c751e8b465ee728b)  -> (artifact id: 'b5dfca61576848263a033e61f209adb3') in 0.013217 seconds 
========================================================================
Received Import Request.
  Time since last request: 0.000013 seconds.
  path: Assets/prefab/2.prefab
  artifactKey: Guid(59f7d7d93cd310142b3b71a489292668) Importer(815301076,1909f56bfc062723c751e8b465ee728b)
Start importing Assets/prefab/2.prefab using Guid(59f7d7d93cd310142b3b71a489292668) Importer(815301076,1909f56bfc062723c751e8b465ee728b)  -> (artifact id: '2890c897c75d526d9d0522e4a0fdb3a5') in 0.012628 seconds 
========================================================================
Received Import Request.
  Time since last request: 1.795312 seconds.
  path: Assets/prefab/1.prefab
  artifactKey: Guid(09d7057108189a648a6fbfdcf40efe4e) Importer(815301076,1909f56bfc062723c751e8b465ee728b)
Start importing Assets/prefab/1.prefab using Guid(09d7057108189a648a6fbfdcf40efe4e) Importer(815301076,1909f56bfc062723c751e8b465ee728b)  -> (artifact id: 'ad7c8bac1176aee07b67d9e0d7e7c797') in 0.013899 seconds 
========================================================================
Received Import Request.
  Time since last request: 0.000016 seconds.
  path: Assets/prefab/3.prefab
  artifactKey: Guid(6c6c11379e8de964f9769549973e6a31) Importer(815301076,1909f56bfc062723c751e8b465ee728b)
Start importing Assets/prefab/3.prefab using Guid(6c6c11379e8de964f9769549973e6a31) Importer(815301076,1909f56bfc062723c751e8b465ee728b)  -> (artifact id: 'ec9b3ddb34339abe7a52b68c636c856e') in 0.012402 seconds 
========================================================================
Received Import Request.
  Time since last request: 5.373029 seconds.
  path: Assets/prefab/1.prefab
  artifactKey: Guid(09d7057108189a648a6fbfdcf40efe4e) Importer(815301076,1909f56bfc062723c751e8b465ee728b)
Start importing Assets/prefab/1.prefab using Guid(09d7057108189a648a6fbfdcf40efe4e) Importer(815301076,1909f56bfc062723c751e8b465ee728b)  -> (artifact id: '91fc84ba32ddb8d1dcb71c7f4290fbd1') in 0.014243 seconds 
========================================================================
Received Import Request.
  Time since last request: 0.000024 seconds.
  path: Assets/prefab/2.prefab
  artifactKey: Guid(59f7d7d93cd310142b3b71a489292668) Importer(815301076,1909f56bfc062723c751e8b465ee728b)
Start importing Assets/prefab/2.prefab using Guid(59f7d7d93cd310142b3b71a489292668) Importer(815301076,1909f56bfc062723c751e8b465ee728b)  -> (artifact id: '555cdbbcef502049cabb2055d0f50fb3') in 0.013164 seconds 
========================================================================
Received Import Request.
  Time since last request: 1.592961 seconds.
  path: Assets/prefab/1.prefab
  artifactKey: Guid(09d7057108189a648a6fbfdcf40efe4e) Importer(815301076,1909f56bfc062723c751e8b465ee728b)
Start importing Assets/prefab/1.prefab using Guid(09d7057108189a648a6fbfdcf40efe4e) Importer(815301076,1909f56bfc062723c751e8b465ee728b)  -> (artifact id: '58a16796ab92dcc37aa8d2eaf5677913') in 0.014293 seconds 
========================================================================
Received Import Request.
  Time since last request: 0.000029 seconds.
  path: Assets/prefab/3.prefab
  artifactKey: Guid(6c6c11379e8de964f9769549973e6a31) Importer(815301076,1909f56bfc062723c751e8b465ee728b)
Start importing Assets/prefab/3.prefab using Guid(6c6c11379e8de964f9769549973e6a31) Importer(815301076,1909f56bfc062723c751e8b465ee728b)  -> (artifact id: '2c0ff36f6868ce94fbc19c1b963dd334') in 0.013782 seconds 
========================================================================
Received Import Request.
  Time since last request: 1.170978 seconds.
  path: Assets/prefab/2.prefab
  artifactKey: Guid(59f7d7d93cd310142b3b71a489292668) Importer(815301076,1909f56bfc062723c751e8b465ee728b)
Start importing Assets/prefab/2.prefab using Guid(59f7d7d93cd310142b3b71a489292668) Importer(815301076,1909f56bfc062723c751e8b465ee728b)  -> (artifact id: '0420ca4d3d428a6b295e65ea706a6edf') in 0.015906 seconds 
========================================================================
Received Import Request.
  Time since last request: 0.000016 seconds.
  path: Assets/prefab/3.prefab
  artifactKey: Guid(6c6c11379e8de964f9769549973e6a31) Importer(815301076,1909f56bfc062723c751e8b465ee728b)
Start importing Assets/prefab/3.prefab using Guid(6c6c11379e8de964f9769549973e6a31) Importer(815301076,1909f56bfc062723c751e8b465ee728b)  -> (artifact id: '197359530dd7cfba5a5da58633513574') in 0.013452 seconds 
========================================================================
Received Import Request.
  Time since last request: 1.591064 seconds.
  path: Assets/prefab/2.prefab
  artifactKey: Guid(59f7d7d93cd310142b3b71a489292668) Importer(815301076,1909f56bfc062723c751e8b465ee728b)
Start importing Assets/prefab/2.prefab using Guid(59f7d7d93cd310142b3b71a489292668) Importer(815301076,1909f56bfc062723c751e8b465ee728b)  -> (artifact id: 'c60992dad9d6c39f4609874b44ea5a7f') in 0.014135 seconds 
========================================================================
Received Import Request.
  Time since last request: 0.000017 seconds.
  path: Assets/prefab/3.prefab
  artifactKey: Guid(6c6c11379e8de964f9769549973e6a31) Importer(815301076,1909f56bfc062723c751e8b465ee728b)
Start importing Assets/prefab/3.prefab using Guid(6c6c11379e8de964f9769549973e6a31) Importer(815301076,1909f56bfc062723c751e8b465ee728b)  -> (artifact id: 'ac1a8109aaaeb4d357f41826024ed85b') in 0.012463 seconds 
========================================================================
Received Import Request.
  Time since last request: 1.987643 seconds.
  path: Assets/prefab/3.prefab
  artifactKey: Guid(6c6c11379e8de964f9769549973e6a31) Importer(815301076,1909f56bfc062723c751e8b465ee728b)
Start importing Assets/prefab/3.prefab using Guid(6c6c11379e8de964f9769549973e6a31) Importer(815301076,1909f56bfc062723c751e8b465ee728b)  -> (artifact id: 'aa277af0f8aeaa691de385dba503f107') in 0.014308 seconds 
========================================================================
Received Import Request.
  Time since last request: 0.000018 seconds.
  path: Assets/prefab/4.prefab
  artifactKey: Guid(951804ba155bd464f99aca832045152c) Importer(815301076,1909f56bfc062723c751e8b465ee728b)
Start importing Assets/prefab/4.prefab using Guid(951804ba155bd464f99aca832045152c) Importer(815301076,1909f56bfc062723c751e8b465ee728b)  -> (artifact id: 'c251a3317f90d9e3b7119e8b4a213859') in 0.013339 seconds 
========================================================================
Received Import Request.
  Time since last request: 1.579091 seconds.
  path: Assets/prefab/2.prefab
  artifactKey: Guid(59f7d7d93cd310142b3b71a489292668) Importer(815301076,1909f56bfc062723c751e8b465ee728b)
Start importing Assets/prefab/2.prefab using Guid(59f7d7d93cd310142b3b71a489292668) Importer(815301076,1909f56bfc062723c751e8b465ee728b)  -> (artifact id: 'd3b9ce9c63756722ad052b9e0f9808fb') in 0.016040 seconds 
========================================================================
Received Import Request.
  Time since last request: 1.402097 seconds.
  path: Assets/prefab/2.prefab
  artifactKey: Guid(59f7d7d93cd310142b3b71a489292668) Importer(815301076,1909f56bfc062723c751e8b465ee728b)
Start importing Assets/prefab/2.prefab using Guid(59f7d7d93cd310142b3b71a489292668) Importer(815301076,1909f56bfc062723c751e8b465ee728b)  -> (artifact id: '28f170738ff54ed344feff0207cf2a69') in 0.013144 seconds 
========================================================================
Received Prepare
Registering precompiled user dll's ...
Registered in 0.005814 seconds.
Begin MonoManager ReloadAssembly
Symbol file LoadedFromMemory doesn't match image C:\Users\Julie Legion\Documents\Code\perso\bubble-merge\bubble-merge\Library\PackageCache\com.unity.visualscripting@1.7.6\Editor\VisualScripting.Core\Dependencies\YamlDotNet\Unity.VisualScripting.YamlDotNet.dll
Symbol file LoadedFromMemory doesn't match image C:\Users\Julie Legion\Documents\Code\perso\bubble-merge\bubble-merge\Library\PackageCache\com.unity.visualscripting@1.7.6\Editor\VisualScripting.Core\Dependencies\DotNetZip\Unity.VisualScripting.IonicZip.dll
Native extension for WindowsStandalone target not found
Refreshing native plugins compatible for Editor in 0.65 ms, found 4 plugins.
Preloading 0 native plugins for Editor in 0.00 ms.
Mono: successfully reloaded assembly
- Completed reload, in  0.727 seconds
Domain Reload Profiling:
	ReloadAssembly (728ms)
		BeginReloadAssembly (96ms)
			ExecutionOrderSort (0ms)
			DisableScriptedObjects (4ms)
			BackupInstance (0ms)
			ReleaseScriptingObjects (0ms)
			CreateAndSetChildDomain (31ms)
		EndReloadAssembly (567ms)
			LoadAssemblies (61ms)
			RebuildTransferFunctionScriptingTraits (0ms)
			SetupTypeCache (171ms)
			ReleaseScriptCaches (1ms)
			RebuildScriptCaches (30ms)
			SetupLoadedEditorAssemblies (257ms)
				LogAssemblyErrors (0ms)
				InitializePlatformSupportModulesInManaged (10ms)
				SetLoadedEditorAssemblies (0ms)
				RefreshPlugins (1ms)
				BeforeProcessingInitializeOnLoad (67ms)
				ProcessInitializeOnLoadAttributes (140ms)
				ProcessInitializeOnLoadMethodAttributes (31ms)
				AfterProcessingInitializeOnLoad (9ms)
				EditorAssembliesLoaded (0ms)
			ExecutionOrderSort2 (0ms)
			AwakeInstancesAfterBackupRestoration (8ms)
Platform modules already initialized, skipping
Refreshing native plugins compatible for Editor in 3.58 ms, found 4 plugins.
Preloading 0 native plugins for Editor in 0.00 ms.
Unloading 4253 Unused Serialized files (Serialized files now loaded: 0)
Unloading 40 unused Assets / (24.6 KB). Loaded Objects now: 4737.
Memory consumption went from 180.8 MB to 180.7 MB.
Total: 2.828200 ms (FindLiveObjects: 0.253600 ms CreateObjectMapping: 0.089500 ms MarkObjects: 2.465300 ms  DeleteObjects: 0.019200 ms)

AssetImportParameters requested are different than current active one (requested -> active):
  custom:video-decoder-ogg-theora: a1e56fd34408186e4bbccfd4996cb3dc -> 
  custom:container-muxer-webm: aa71ff27fc2769a1b78a27578f13a17b -> 
  custom:container-demuxer-webm: 4f35f7cbe854078d1ac9338744f61a02 -> 
  custom:video-encoder-webm-vp8: eb34c28f22e8b96e1ab97ce403110664 -> 
  custom:audio-encoder-webm-vorbis: bf7c407c2cedff20999df2af8eb42d56 -> 
  custom:framework-win-MediaFoundation: 216162199b28c13a410421893ffa2e32 -> 
  custom:container-demuxer-ogg: 62fdf1f143b41e24485cea50d1cbac27 -> 
  custom:video-decoder-webm-vp8: 9c59270c3fd7afecdb556c50c9e8de78 -> 
  custom:audio-decoder-ogg-vorbis: bf7c407c2cedff20999df2af8eb42d56 -> 
========================================================================
Received Import Request.
  Time since last request: 42.124617 seconds.
  path: Assets/prefab/3.prefab
  artifactKey: Guid(6c6c11379e8de964f9769549973e6a31) Importer(815301076,1909f56bfc062723c751e8b465ee728b)
Start importing Assets/prefab/3.prefab using Guid(6c6c11379e8de964f9769549973e6a31) Importer(815301076,1909f56bfc062723c751e8b465ee728b)  -> (artifact id: 'e5fb566011c390aa99b7a7bd4ef46b10') in 0.050984 seconds 
========================================================================
Received Import Request.
  Time since last request: 10.699610 seconds.
  path: Assets/prefab/3.prefab
  artifactKey: Guid(6c6c11379e8de964f9769549973e6a31) Importer(815301076,1909f56bfc062723c751e8b465ee728b)
Start importing Assets/prefab/3.prefab using Guid(6c6c11379e8de964f9769549973e6a31) Importer(815301076,1909f56bfc062723c751e8b465ee728b)  -> (artifact id: 'fd13517be677cf40973043fe0d382f07') in 0.022622 seconds 
========================================================================
Received Import Request.
  Time since last request: 53.566502 seconds.
  path: Assets/prefab/5.prefab
  artifactKey: Guid(5bc789629d942df42840efca9a2a6ea0) Importer(815301076,1909f56bfc062723c751e8b465ee728b)
Start importing Assets/prefab/5.prefab using Guid(5bc789629d942df42840efca9a2a6ea0) Importer(815301076,1909f56bfc062723c751e8b465ee728b)  -> (artifact id: 'c7c3c44fb45a65f1b3172d1e455d52b8') in 0.020119 seconds 
========================================================================
Received Import Request.
  Time since last request: 3.240619 seconds.
  path: Assets/prefab/6.prefab
  artifactKey: Guid(c11be1d1e70430e478c5ae8e1a85380f) Importer(815301076,1909f56bfc062723c751e8b465ee728b)
Start importing Assets/prefab/6.prefab using Guid(c11be1d1e70430e478c5ae8e1a85380f) Importer(815301076,1909f56bfc062723c751e8b465ee728b)  -> (artifact id: '979d7ef8a5a975329bc51c7612632615') in 0.013038 seconds 
Editor requested this worker to shutdown with reason: Scaling down because of idle timeout
AssetImportWorker is now disconnected from the server
Process exiting
Exiting without the bug reporter. Application will terminate with return code 0