Using pre-set license
Built from '2021.3/staging' branch; Version is '2021.3.2f1 (d6360bedb9a0) revision 14038539'; Using compiler version '192829333'; Build Type 'Release'
OS: 'Windows 10  (10.0.19045) 64bit Core' Language: 'fr' Physical Memory: 31937 MB
BatchMode: 1, IsHumanControllingUs: 0, StartBugReporterOnCrash: 0, Is64bit: 1, IsPro: 1

COMMAND LINE ARGUMENTS:
C:\Users\Julie Legion\Documents\Code\rocket_league_ia\2021.3.2f1\Editor\Unity.exe
-adb2
-batchMode
-noUpm
-name
AssetImportWorker3
-projectPath
C:/Users/Julie Legion/Documents/Code/perso/bubble-merge/bubble-merge
-logFile
Logs/AssetImportWorker3.log
-srvPort
42961
Successfully changed project path to: C:/Users/Julie Legion/Documents/Code/perso/bubble-merge/bubble-merge
C:/Users/Julie Legion/Documents/Code/perso/bubble-merge/bubble-merge
[UnityMemory] Configuration Parameters - Can be set up in boot.config
    "memorysetup-bucket-allocator-granularity=16"
    "memorysetup-bucket-allocator-bucket-count=8"
    "memorysetup-bucket-allocator-block-size=33554432"
    "memorysetup-bucket-allocator-block-count=8"
    "memorysetup-main-allocator-block-size=16777216"
    "memorysetup-thread-allocator-block-size=16777216"
    "memorysetup-gfx-main-allocator-block-size=16777216"
    "memorysetup-gfx-thread-allocator-block-size=16777216"
    "memorysetup-cache-allocator-block-size=4194304"
    "memorysetup-typetree-allocator-block-size=2097152"
    "memorysetup-profiler-bucket-allocator-granularity=16"
    "memorysetup-profiler-bucket-allocator-bucket-count=8"
    "memorysetup-profiler-bucket-allocator-block-size=33554432"
    "memorysetup-profiler-bucket-allocator-block-count=8"
    "memorysetup-profiler-allocator-block-size=16777216"
    "memorysetup-profiler-editor-allocator-block-size=1048576"
    "memorysetup-temp-allocator-size-main=16777216"
    "memorysetup-job-temp-allocator-block-size=2097152"
    "memorysetup-job-temp-allocator-block-size-background=1048576"
    "memorysetup-job-temp-allocator-reduction-small-platforms=262144"
    "memorysetup-temp-allocator-size-background-worker=32768"
    "memorysetup-temp-allocator-size-job-worker=262144"
    "memorysetup-temp-allocator-size-preload-manager=33554432"
    "memorysetup-temp-allocator-size-nav-mesh-worker=65536"
    "memorysetup-temp-allocator-size-audio-worker=65536"
    "memorysetup-temp-allocator-size-cloud-worker=32768"
    "memorysetup-temp-allocator-size-gi-baking-worker=262144"
    "memorysetup-temp-allocator-size-gfx=262144"
Refreshing native plugins compatible for Editor in 70.55 ms, found 4 plugins.
Preloading 0 native plugins for Editor in 0.00 ms.
Initialize engine version: 2021.3.2f1 (d6360bedb9a0)
[Subsystems] Discovering subsystems at path C:/Users/Julie Legion/Documents/Code/rocket_league_ia/2021.3.2f1/Editor/Data/Resources/UnitySubsystems
[Subsystems] Discovering subsystems at path C:/Users/Julie Legion/Documents/Code/perso/bubble-merge/bubble-merge/Assets
GfxDevice: creating device client; threaded=0; jobified=0
Direct3D:
    Version:  Direct3D 11.0 [level 11.1]
    Renderer: NVIDIA GeForce RTX 4070 Laptop GPU (ID=0x2860)
    Vendor:   NVIDIA
    VRAM:     7963 MB
    Driver:   31.0.15.4633
Initialize mono
Mono path[0] = 'C:/Users/Julie Legion/Documents/Code/rocket_league_ia/2021.3.2f1/Editor/Data/Managed'
Mono path[1] = 'C:/Users/Julie Legion/Documents/Code/rocket_league_ia/2021.3.2f1/Editor/Data/MonoBleedingEdge/lib/mono/unityjit-win32'
Mono config path = 'C:/Users/Julie Legion/Documents/Code/rocket_league_ia/2021.3.2f1/Editor/Data/MonoBleedingEdge/etc'
Using monoOptions --debugger-agent=transport=dt_socket,embedding=1,server=y,suspend=n,address=127.0.0.1:56440
Begin MonoManager ReloadAssembly
Registering precompiled unity dll's ...
Register platform support module: C:/Users/Julie Legion/Documents/Code/rocket_league_ia/2021.3.2f1/Editor/Data/PlaybackEngines/WindowsStandaloneSupport/UnityEditor.WindowsStandalone.Extensions.dll
Registered in 0.005949 seconds.
Native extension for WindowsStandalone target not found
Refreshing native plugins compatible for Editor in 59.08 ms, found 4 plugins.
Preloading 0 native plugins for Editor in 0.00 ms.
Mono: successfully reloaded assembly
- Completed reload, in  0.387 seconds
Domain Reload Profiling:
	ReloadAssembly (387ms)
		BeginReloadAssembly (51ms)
			ExecutionOrderSort (0ms)
			DisableScriptedObjects (0ms)
			BackupInstance (0ms)
			ReleaseScriptingObjects (0ms)
			CreateAndSetChildDomain (0ms)
		EndReloadAssembly (269ms)
			LoadAssemblies (49ms)
			RebuildTransferFunctionScriptingTraits (0ms)
			SetupTypeCache (54ms)
			ReleaseScriptCaches (0ms)
			RebuildScriptCaches (14ms)
			SetupLoadedEditorAssemblies (170ms)
				LogAssemblyErrors (0ms)
				InitializePlatformSupportModulesInManaged (5ms)
				SetLoadedEditorAssemblies (0ms)
				RefreshPlugins (59ms)
				BeforeProcessingInitializeOnLoad (1ms)
				ProcessInitializeOnLoadAttributes (78ms)
				ProcessInitializeOnLoadMethodAttributes (27ms)
				AfterProcessingInitializeOnLoad (0ms)
				EditorAssembliesLoaded (0ms)
			ExecutionOrderSort2 (0ms)
			AwakeInstancesAfterBackupRestoration (0ms)
Platform modules already initialized, skipping
Registering precompiled user dll's ...
Registered in 0.005348 seconds.
Begin MonoManager ReloadAssembly
Symbol file LoadedFromMemory doesn't match image C:\Users\Julie Legion\Documents\Code\perso\bubble-merge\bubble-merge\Library\PackageCache\com.unity.visualscripting@1.7.6\Editor\VisualScripting.Core\Dependencies\YamlDotNet\Unity.VisualScripting.YamlDotNet.dll
Symbol file LoadedFromMemory doesn't match image C:\Users\Julie Legion\Documents\Code\perso\bubble-merge\bubble-merge\Library\PackageCache\com.unity.visualscripting@1.7.6\Editor\VisualScripting.Core\Dependencies\DotNetZip\Unity.VisualScripting.IonicZip.dll
Native extension for WindowsStandalone target not found
Refreshing native plugins compatible for Editor in 63.25 ms, found 4 plugins.
Preloading 0 native plugins for Editor in 0.00 ms.
Mono: successfully reloaded assembly
Package Manager log level set to [2]
- Completed reload, in  0.683 seconds
Domain Reload Profiling:
	ReloadAssembly (684ms)
		BeginReloadAssembly (66ms)
			ExecutionOrderSort (0ms)
			DisableScriptedObjects (3ms)
			BackupInstance (0ms)
			ReleaseScriptingObjects (0ms)
			CreateAndSetChildDomain (14ms)
		EndReloadAssembly (550ms)
			LoadAssemblies (53ms)
			RebuildTransferFunctionScriptingTraits (0ms)
			SetupTypeCache (128ms)
			ReleaseScriptCaches (1ms)
			RebuildScriptCaches (30ms)
			SetupLoadedEditorAssemblies (305ms)
				LogAssemblyErrors (0ms)
				InitializePlatformSupportModulesInManaged (3ms)
				SetLoadedEditorAssemblies (0ms)
				RefreshPlugins (63ms)
				BeforeProcessingInitializeOnLoad (74ms)
				ProcessInitializeOnLoadAttributes (134ms)
				ProcessInitializeOnLoadMethodAttributes (23ms)
				AfterProcessingInitializeOnLoad (7ms)
				EditorAssembliesLoaded (0ms)
			ExecutionOrderSort2 (0ms)
			AwakeInstancesAfterBackupRestoration (5ms)
Platform modules already initialized, skipping
========================================================================
Worker process is ready to serve import requests
Launched and connected shader compiler UnityShaderCompiler.exe after 0.03 seconds
Refreshing native plugins compatible for Editor in 0.87 ms, found 4 plugins.
Preloading 0 native plugins for Editor in 0.00 ms.
Unloading 4264 Unused Serialized files (Serialized files now loaded: 0)
Unloading 52 unused Assets / (30.3 KB). Loaded Objects now: 4728.
Memory consumption went from 177.0 MB to 176.9 MB.
Total: 2.635600 ms (FindLiveObjects: 0.256800 ms CreateObjectMapping: 0.076600 ms MarkObjects: 2.259300 ms  DeleteObjects: 0.042300 ms)

AssetImportParameters requested are different than current active one (requested -> active):
  custom:video-decoder-ogg-theora: a1e56fd34408186e4bbccfd4996cb3dc -> 
  custom:container-muxer-webm: aa71ff27fc2769a1b78a27578f13a17b -> 
  custom:container-demuxer-webm: 4f35f7cbe854078d1ac9338744f61a02 -> 
  custom:video-encoder-webm-vp8: eb34c28f22e8b96e1ab97ce403110664 -> 
  custom:audio-encoder-webm-vorbis: bf7c407c2cedff20999df2af8eb42d56 -> 
  custom:framework-win-MediaFoundation: 216162199b28c13a410421893ffa2e32 -> 
  custom:container-demuxer-ogg: 62fdf1f143b41e24485cea50d1cbac27 -> 
  custom:video-decoder-webm-vp8: 9c59270c3fd7afecdb556c50c9e8de78 -> 
  custom:audio-decoder-ogg-vorbis: bf7c407c2cedff20999df2af8eb42d56 -> 
========================================================================
Received Import Request.
  Time since last request: 186729.935778 seconds.
  path: Assets/prefab/3.prefab
  artifactKey: Guid(6c6c11379e8de964f9769549973e6a31) Importer(815301076,1909f56bfc062723c751e8b465ee728b)
Start importing Assets/prefab/3.prefab using Guid(6c6c11379e8de964f9769549973e6a31) Importer(815301076,1909f56bfc062723c751e8b465ee728b)  -> (artifact id: 'f61d3467ca97255c2965af6e8938605e') in 0.090119 seconds 
========================================================================
Received Import Request.
  Time since last request: 12.283083 seconds.
  path: Assets/prefab/3.prefab
  artifactKey: Guid(6c6c11379e8de964f9769549973e6a31) Importer(815301076,1909f56bfc062723c751e8b465ee728b)
Start importing Assets/prefab/3.prefab using Guid(6c6c11379e8de964f9769549973e6a31) Importer(815301076,1909f56bfc062723c751e8b465ee728b)  -> (artifact id: 'a732781a70af7cc052d806e9e7088deb') in 0.021133 seconds 
========================================================================
Received Import Request.
  Time since last request: 0.000014 seconds.
  path: Assets/prefab/4.prefab
  artifactKey: Guid(951804ba155bd464f99aca832045152c) Importer(815301076,1909f56bfc062723c751e8b465ee728b)
Start importing Assets/prefab/4.prefab using Guid(951804ba155bd464f99aca832045152c) Importer(815301076,1909f56bfc062723c751e8b465ee728b)  -> (artifact id: '13c052c871b347b8dcf6c3cfd607c754') in 0.018218 seconds 
========================================================================
Received Import Request.
  Time since last request: 3.659647 seconds.
  path: Assets/prefab/3.prefab
  artifactKey: Guid(6c6c11379e8de964f9769549973e6a31) Importer(815301076,1909f56bfc062723c751e8b465ee728b)
Start importing Assets/prefab/3.prefab using Guid(6c6c11379e8de964f9769549973e6a31) Importer(815301076,1909f56bfc062723c751e8b465ee728b)  -> (artifact id: '30cb20447fd945a4d1b8c3952a8ae33f') in 0.017128 seconds 
========================================================================
Received Import Request.
  Time since last request: 0.000019 seconds.
  path: Assets/prefab/4.prefab
  artifactKey: Guid(951804ba155bd464f99aca832045152c) Importer(815301076,1909f56bfc062723c751e8b465ee728b)
Start importing Assets/prefab/4.prefab using Guid(951804ba155bd464f99aca832045152c) Importer(815301076,1909f56bfc062723c751e8b465ee728b)  -> (artifact id: '3a2e47cb85ac8bf7e44f7be28a7e7811') in 0.015304 seconds 
========================================================================
Received Import Request.
  Time since last request: 6.976785 seconds.
  path: Assets/prefab/3.prefab
  artifactKey: Guid(6c6c11379e8de964f9769549973e6a31) Importer(815301076,1909f56bfc062723c751e8b465ee728b)
Start importing Assets/prefab/3.prefab using Guid(6c6c11379e8de964f9769549973e6a31) Importer(815301076,1909f56bfc062723c751e8b465ee728b)  -> (artifact id: '11db81da68170c1b6a0254edf34f11d1') in 0.022898 seconds 
========================================================================
Received Import Request.
  Time since last request: 0.000021 seconds.
  path: Assets/prefab/5.prefab
  artifactKey: Guid(5bc789629d942df42840efca9a2a6ea0) Importer(815301076,1909f56bfc062723c751e8b465ee728b)
Start importing Assets/prefab/5.prefab using Guid(5bc789629d942df42840efca9a2a6ea0) Importer(815301076,1909f56bfc062723c751e8b465ee728b)  -> (artifact id: '3a5794b0e573f3c18cd289f4933edb56') in 0.014431 seconds 
========================================================================
Received Import Request.
  Time since last request: 9.628664 seconds.
  path: Assets/prefab/3.prefab
  artifactKey: Guid(6c6c11379e8de964f9769549973e6a31) Importer(815301076,1909f56bfc062723c751e8b465ee728b)
Start importing Assets/prefab/3.prefab using Guid(6c6c11379e8de964f9769549973e6a31) Importer(815301076,1909f56bfc062723c751e8b465ee728b)  -> (artifact id: 'c0be776eb81c74b5a5be223102499f64') in 0.012855 seconds 
========================================================================
Received Import Request.
  Time since last request: 0.000020 seconds.
  path: Assets/prefab/4.prefab
  artifactKey: Guid(951804ba155bd464f99aca832045152c) Importer(815301076,1909f56bfc062723c751e8b465ee728b)
Start importing Assets/prefab/4.prefab using Guid(951804ba155bd464f99aca832045152c) Importer(815301076,1909f56bfc062723c751e8b465ee728b)  -> (artifact id: '48b8795a61fb48f94011c528c324578a') in 0.012976 seconds 
========================================================================
Received Import Request.
  Time since last request: 6.639451 seconds.
  path: Assets/prefab/3.prefab
  artifactKey: Guid(6c6c11379e8de964f9769549973e6a31) Importer(815301076,1909f56bfc062723c751e8b465ee728b)
Start importing Assets/prefab/3.prefab using Guid(6c6c11379e8de964f9769549973e6a31) Importer(815301076,1909f56bfc062723c751e8b465ee728b)  -> (artifact id: '12d138437ac8d34c481b3e98f77c352a') in 0.020645 seconds 
========================================================================
Received Import Request.
  Time since last request: 0.000014 seconds.
  path: Assets/prefab/6.prefab
  artifactKey: Guid(c11be1d1e70430e478c5ae8e1a85380f) Importer(815301076,1909f56bfc062723c751e8b465ee728b)
Start importing Assets/prefab/6.prefab using Guid(c11be1d1e70430e478c5ae8e1a85380f) Importer(815301076,1909f56bfc062723c751e8b465ee728b)  -> (artifact id: '0adaba270f68449a0f5b6d6e6f5cd743') in 0.018385 seconds 
========================================================================
Received Import Request.
  Time since last request: 12.198539 seconds.
  path: Assets/prefab/3.prefab
  artifactKey: Guid(6c6c11379e8de964f9769549973e6a31) Importer(815301076,1909f56bfc062723c751e8b465ee728b)
Start importing Assets/prefab/3.prefab using Guid(6c6c11379e8de964f9769549973e6a31) Importer(815301076,1909f56bfc062723c751e8b465ee728b)  -> (artifact id: 'a86e7fef7399b4ccfb5f296f5030513e') in 0.024016 seconds 
========================================================================
Received Import Request.
  Time since last request: 0.000016 seconds.
  path: Assets/prefab/4.prefab
  artifactKey: Guid(951804ba155bd464f99aca832045152c) Importer(815301076,1909f56bfc062723c751e8b465ee728b)
Start importing Assets/prefab/4.prefab using Guid(951804ba155bd464f99aca832045152c) Importer(815301076,1909f56bfc062723c751e8b465ee728b)  -> (artifact id: '4bb1aec4eb0cc48b8badbfb7d4a0e647') in 0.014542 seconds 
========================================================================
Received Import Request.
  Time since last request: 1.356721 seconds.
  path: Assets/prefab/3.prefab
  artifactKey: Guid(6c6c11379e8de964f9769549973e6a31) Importer(815301076,1909f56bfc062723c751e8b465ee728b)
Start importing Assets/prefab/3.prefab using Guid(6c6c11379e8de964f9769549973e6a31) Importer(815301076,1909f56bfc062723c751e8b465ee728b)  -> (artifact id: '50bf315dadd51b69fac594bc4c0a76e9') in 0.027355 seconds 
========================================================================
Received Import Request.
  Time since last request: 0.000016 seconds.
  path: Assets/prefab/4.prefab
  artifactKey: Guid(951804ba155bd464f99aca832045152c) Importer(815301076,1909f56bfc062723c751e8b465ee728b)
Start importing Assets/prefab/4.prefab using Guid(951804ba155bd464f99aca832045152c) Importer(815301076,1909f56bfc062723c751e8b465ee728b)  -> (artifact id: '47ce0298df509d476d83ed880519df14') in 0.021601 seconds 
========================================================================
Received Import Request.
  Time since last request: 9.197622 seconds.
  path: Assets/prefab/3.prefab
  artifactKey: Guid(6c6c11379e8de964f9769549973e6a31) Importer(815301076,1909f56bfc062723c751e8b465ee728b)
Start importing Assets/prefab/3.prefab using Guid(6c6c11379e8de964f9769549973e6a31) Importer(815301076,1909f56bfc062723c751e8b465ee728b)  -> (artifact id: 'e654035ceee62faf224609027c0cf891') in 0.013580 seconds 
========================================================================
Received Import Request.
  Time since last request: 0.000018 seconds.
  path: Assets/prefab/5.prefab
  artifactKey: Guid(5bc789629d942df42840efca9a2a6ea0) Importer(815301076,1909f56bfc062723c751e8b465ee728b)
Start importing Assets/prefab/5.prefab using Guid(5bc789629d942df42840efca9a2a6ea0) Importer(815301076,1909f56bfc062723c751e8b465ee728b)  -> (artifact id: 'a3e09e191e9d85d1b9278ade267dc6a4') in 0.013040 seconds 
========================================================================
Received Import Request.
  Time since last request: 2.782821 seconds.
  path: Assets/prefab/3.prefab
  artifactKey: Guid(6c6c11379e8de964f9769549973e6a31) Importer(815301076,1909f56bfc062723c751e8b465ee728b)
Start importing Assets/prefab/3.prefab using Guid(6c6c11379e8de964f9769549973e6a31) Importer(815301076,1909f56bfc062723c751e8b465ee728b)  -> (artifact id: '0ad80d09ee6b4572dbfe36d56f5577b1') in 0.030123 seconds 
========================================================================
Received Import Request.
  Time since last request: 1.986042 seconds.
  path: Assets/prefab/3.prefab
  artifactKey: Guid(6c6c11379e8de964f9769549973e6a31) Importer(815301076,1909f56bfc062723c751e8b465ee728b)
Start importing Assets/prefab/3.prefab using Guid(6c6c11379e8de964f9769549973e6a31) Importer(815301076,1909f56bfc062723c751e8b465ee728b)  -> (artifact id: 'c9224e5e51fdeebd4ec99ee438a2e068') in 0.019427 seconds 
========================================================================
Received Import Request.
  Time since last request: 0.000015 seconds.
  path: Assets/prefab/5.prefab
  artifactKey: Guid(5bc789629d942df42840efca9a2a6ea0) Importer(815301076,1909f56bfc062723c751e8b465ee728b)
Start importing Assets/prefab/5.prefab using Guid(5bc789629d942df42840efca9a2a6ea0) Importer(815301076,1909f56bfc062723c751e8b465ee728b)  -> (artifact id: '3c69d628ec0592d6280b94ae8d871200') in 0.016309 seconds 
========================================================================
Received Import Request.
  Time since last request: 1.354433 seconds.
  path: Assets/prefab/3.prefab
  artifactKey: Guid(6c6c11379e8de964f9769549973e6a31) Importer(815301076,1909f56bfc062723c751e8b465ee728b)
Start importing Assets/prefab/3.prefab using Guid(6c6c11379e8de964f9769549973e6a31) Importer(815301076,1909f56bfc062723c751e8b465ee728b)  -> (artifact id: '7a0c56c799d7bc9d09571f0547357db3') in 0.026609 seconds 
========================================================================
Received Import Request.
  Time since last request: 0.000018 seconds.
  path: Assets/prefab/5.prefab
  artifactKey: Guid(5bc789629d942df42840efca9a2a6ea0) Importer(815301076,1909f56bfc062723c751e8b465ee728b)
Start importing Assets/prefab/5.prefab using Guid(5bc789629d942df42840efca9a2a6ea0) Importer(815301076,1909f56bfc062723c751e8b465ee728b)  -> (artifact id: '799e79d8013fefb45ced351af802dd08') in 0.014983 seconds 
========================================================================
Received Import Request.
  Time since last request: 3.577964 seconds.
  path: Assets/prefab/3.prefab
  artifactKey: Guid(6c6c11379e8de964f9769549973e6a31) Importer(815301076,1909f56bfc062723c751e8b465ee728b)
Start importing Assets/prefab/3.prefab using Guid(6c6c11379e8de964f9769549973e6a31) Importer(815301076,1909f56bfc062723c751e8b465ee728b)  -> (artifact id: '411555e364911071d74c4d6efd92332c') in 0.014506 seconds 
========================================================================
Received Import Request.
  Time since last request: 0.000017 seconds.
  path: Assets/prefab/5.prefab
  artifactKey: Guid(5bc789629d942df42840efca9a2a6ea0) Importer(815301076,1909f56bfc062723c751e8b465ee728b)
Start importing Assets/prefab/5.prefab using Guid(5bc789629d942df42840efca9a2a6ea0) Importer(815301076,1909f56bfc062723c751e8b465ee728b)  -> (artifact id: 'e40fe6a280b0aabac1b598999f6a3392') in 0.013211 seconds 
========================================================================
Received Import Request.
  Time since last request: 1.777155 seconds.
  path: Assets/prefab/3.prefab
  artifactKey: Guid(6c6c11379e8de964f9769549973e6a31) Importer(815301076,1909f56bfc062723c751e8b465ee728b)
Start importing Assets/prefab/3.prefab using Guid(6c6c11379e8de964f9769549973e6a31) Importer(815301076,1909f56bfc062723c751e8b465ee728b)  -> (artifact id: 'adb85d8544f268b27f26bc949e98994e') in 0.014739 seconds 
========================================================================
Received Import Request.
  Time since last request: 0.000021 seconds.
  path: Assets/prefab/4.prefab
  artifactKey: Guid(951804ba155bd464f99aca832045152c) Importer(815301076,1909f56bfc062723c751e8b465ee728b)
Start importing Assets/prefab/4.prefab using Guid(951804ba155bd464f99aca832045152c) Importer(815301076,1909f56bfc062723c751e8b465ee728b)  -> (artifact id: '9aab3774644509dee6d59d64b8b5902b') in 0.013911 seconds 
========================================================================
Received Import Request.
  Time since last request: 3.580913 seconds.
  path: Assets/prefab/3.prefab
  artifactKey: Guid(6c6c11379e8de964f9769549973e6a31) Importer(815301076,1909f56bfc062723c751e8b465ee728b)
Start importing Assets/prefab/3.prefab using Guid(6c6c11379e8de964f9769549973e6a31) Importer(815301076,1909f56bfc062723c751e8b465ee728b)  -> (artifact id: '66b9cd3455c82780e8ece9de82826517') in 0.032622 seconds 
========================================================================
Received Import Request.
  Time since last request: 7.095311 seconds.
  path: Assets/prefab/3.prefab
  artifactKey: Guid(6c6c11379e8de964f9769549973e6a31) Importer(815301076,1909f56bfc062723c751e8b465ee728b)
Start importing Assets/prefab/3.prefab using Guid(6c6c11379e8de964f9769549973e6a31) Importer(815301076,1909f56bfc062723c751e8b465ee728b)  -> (artifact id: 'cdf78da072f9f66e1b85882841193652') in 0.021445 seconds 
========================================================================
Received Import Request.
  Time since last request: 0.000015 seconds.
  path: Assets/prefab/6.prefab
  artifactKey: Guid(c11be1d1e70430e478c5ae8e1a85380f) Importer(815301076,1909f56bfc062723c751e8b465ee728b)
Start importing Assets/prefab/6.prefab using Guid(c11be1d1e70430e478c5ae8e1a85380f) Importer(815301076,1909f56bfc062723c751e8b465ee728b)  -> (artifact id: '9183cf3e7208ec3c49249b7480f77ebf') in 0.019846 seconds 
========================================================================
Received Import Request.
  Time since last request: 2.362675 seconds.
  path: Assets/prefab/3.prefab
  artifactKey: Guid(6c6c11379e8de964f9769549973e6a31) Importer(815301076,1909f56bfc062723c751e8b465ee728b)
Start importing Assets/prefab/3.prefab using Guid(6c6c11379e8de964f9769549973e6a31) Importer(815301076,1909f56bfc062723c751e8b465ee728b)  -> (artifact id: '66c7549cdf6f6540100fcceac29c3670') in 0.013968 seconds 
========================================================================
Received Import Request.
  Time since last request: 0.000019 seconds.
  path: Assets/prefab/4.prefab
  artifactKey: Guid(951804ba155bd464f99aca832045152c) Importer(815301076,1909f56bfc062723c751e8b465ee728b)
Start importing Assets/prefab/4.prefab using Guid(951804ba155bd464f99aca832045152c) Importer(815301076,1909f56bfc062723c751e8b465ee728b)  -> (artifact id: 'ab993d87d4c2e16b29f0e8c62eb98be8') in 0.013471 seconds 
========================================================================
Received Import Request.
  Time since last request: 10.826393 seconds.
  path: Assets/prefab/3.prefab
  artifactKey: Guid(6c6c11379e8de964f9769549973e6a31) Importer(815301076,1909f56bfc062723c751e8b465ee728b)
Start importing Assets/prefab/3.prefab using Guid(6c6c11379e8de964f9769549973e6a31) Importer(815301076,1909f56bfc062723c751e8b465ee728b)  -> (artifact id: 'dc1a9deec8b4c57dc18ce374744d48ca') in 0.026597 seconds 
========================================================================
Received Import Request.
  Time since last request: 0.000020 seconds.
  path: Assets/prefab/4.prefab
  artifactKey: Guid(951804ba155bd464f99aca832045152c) Importer(815301076,1909f56bfc062723c751e8b465ee728b)
Start importing Assets/prefab/4.prefab using Guid(951804ba155bd464f99aca832045152c) Importer(815301076,1909f56bfc062723c751e8b465ee728b)  -> (artifact id: '23439cd4c3f54f3ca776106fee38b7a3') in 0.020330 seconds 
========================================================================
Received Import Request.
  Time since last request: 3.945655 seconds.
  path: Assets/prefab/3.prefab
  artifactKey: Guid(6c6c11379e8de964f9769549973e6a31) Importer(815301076,1909f56bfc062723c751e8b465ee728b)
Start importing Assets/prefab/3.prefab using Guid(6c6c11379e8de964f9769549973e6a31) Importer(815301076,1909f56bfc062723c751e8b465ee728b)  -> (artifact id: '336f6ed288705a69ca5753140a26c89f') in 0.014667 seconds 
========================================================================
Received Import Request.
  Time since last request: 0.000022 seconds.
  path: Assets/prefab/6.prefab
  artifactKey: Guid(c11be1d1e70430e478c5ae8e1a85380f) Importer(815301076,1909f56bfc062723c751e8b465ee728b)
Start importing Assets/prefab/6.prefab using Guid(c11be1d1e70430e478c5ae8e1a85380f) Importer(815301076,1909f56bfc062723c751e8b465ee728b)  -> (artifact id: '740f67af3abec267f99406a880b9e1ae') in 0.013545 seconds 
========================================================================
Received Import Request.
  Time since last request: 11.446906 seconds.
  path: Assets/prefab/3.prefab
  artifactKey: Guid(6c6c11379e8de964f9769549973e6a31) Importer(815301076,1909f56bfc062723c751e8b465ee728b)
Start importing Assets/prefab/3.prefab using Guid(6c6c11379e8de964f9769549973e6a31) Importer(815301076,1909f56bfc062723c751e8b465ee728b)  -> (artifact id: '36106bd22725ff09d6fb654523ac059b') in 0.031337 seconds 
========================================================================
Received Import Request.
  Time since last request: 5.317754 seconds.
  path: Assets/prefab/3.prefab
  artifactKey: Guid(6c6c11379e8de964f9769549973e6a31) Importer(815301076,1909f56bfc062723c751e8b465ee728b)
Start importing Assets/prefab/3.prefab using Guid(6c6c11379e8de964f9769549973e6a31) Importer(815301076,1909f56bfc062723c751e8b465ee728b)  -> (artifact id: '3b16d520871cef317117f0e82a52aad2') in 0.015728 seconds 
========================================================================
Received Import Request.
  Time since last request: 0.000015 seconds.
  path: Assets/prefab/6.prefab
  artifactKey: Guid(c11be1d1e70430e478c5ae8e1a85380f) Importer(815301076,1909f56bfc062723c751e8b465ee728b)
Start importing Assets/prefab/6.prefab using Guid(c11be1d1e70430e478c5ae8e1a85380f) Importer(815301076,1909f56bfc062723c751e8b465ee728b)  -> (artifact id: '9659efe10371310b009404ebf1f734f7') in 0.014829 seconds 
========================================================================
Received Import Request.
  Time since last request: 2.372616 seconds.
  path: Assets/prefab/3.prefab
  artifactKey: Guid(6c6c11379e8de964f9769549973e6a31) Importer(815301076,1909f56bfc062723c751e8b465ee728b)
Start importing Assets/prefab/3.prefab using Guid(6c6c11379e8de964f9769549973e6a31) Importer(815301076,1909f56bfc062723c751e8b465ee728b)  -> (artifact id: 'a581713874268a99f2cc745fe07542c0') in 0.025300 seconds 
========================================================================
Received Import Request.
  Time since last request: 0.000016 seconds.
  path: Assets/prefab/6.prefab
  artifactKey: Guid(c11be1d1e70430e478c5ae8e1a85380f) Importer(815301076,1909f56bfc062723c751e8b465ee728b)
Start importing Assets/prefab/6.prefab using Guid(c11be1d1e70430e478c5ae8e1a85380f) Importer(815301076,1909f56bfc062723c751e8b465ee728b)  -> (artifact id: 'ae8d7ef6043110e259c83d78565e6cf4') in 0.023957 seconds 
========================================================================
Received Import Request.
  Time since last request: 2.972645 seconds.
  path: Assets/prefab/3.prefab
  artifactKey: Guid(6c6c11379e8de964f9769549973e6a31) Importer(815301076,1909f56bfc062723c751e8b465ee728b)
Start importing Assets/prefab/3.prefab using Guid(6c6c11379e8de964f9769549973e6a31) Importer(815301076,1909f56bfc062723c751e8b465ee728b)  -> (artifact id: 'c108db7af1aeeda594ac510047869e7c') in 0.018619 seconds 
========================================================================
Received Import Request.
  Time since last request: 0.000017 seconds.
  path: Assets/prefab/4.prefab
  artifactKey: Guid(951804ba155bd464f99aca832045152c) Importer(815301076,1909f56bfc062723c751e8b465ee728b)
Start importing Assets/prefab/4.prefab using Guid(951804ba155bd464f99aca832045152c) Importer(815301076,1909f56bfc062723c751e8b465ee728b)  -> (artifact id: '498b789720f18310033121838ebc7722') in 0.019187 seconds 
========================================================================
Received Import Request.
  Time since last request: 4.067987 seconds.
  path: Assets/prefab/3.prefab
  artifactKey: Guid(6c6c11379e8de964f9769549973e6a31) Importer(815301076,1909f56bfc062723c751e8b465ee728b)
Start importing Assets/prefab/3.prefab using Guid(6c6c11379e8de964f9769549973e6a31) Importer(815301076,1909f56bfc062723c751e8b465ee728b)  -> (artifact id: 'd1b879d0e4b56053504fc4d55245854b') in 0.013543 seconds 
========================================================================
Received Import Request.
  Time since last request: 4.221298 seconds.
  path: Assets/prefab/3.prefab
  artifactKey: Guid(6c6c11379e8de964f9769549973e6a31) Importer(815301076,1909f56bfc062723c751e8b465ee728b)
Start importing Assets/prefab/3.prefab using Guid(6c6c11379e8de964f9769549973e6a31) Importer(815301076,1909f56bfc062723c751e8b465ee728b)  -> (artifact id: 'ae821d1fcee5bb8185f3b33975957ee5') in 0.023093 seconds 
========================================================================
Received Import Request.
  Time since last request: 0.000021 seconds.
  path: Assets/prefab/6.prefab
  artifactKey: Guid(c11be1d1e70430e478c5ae8e1a85380f) Importer(815301076,1909f56bfc062723c751e8b465ee728b)
Start importing Assets/prefab/6.prefab using Guid(c11be1d1e70430e478c5ae8e1a85380f) Importer(815301076,1909f56bfc062723c751e8b465ee728b)  -> (artifact id: 'cd6eb76a0baa0a98304ac291476c3636') in 0.021212 seconds 
========================================================================
Received Import Request.
  Time since last request: 1.761270 seconds.
  path: Assets/prefab/3.prefab
  artifactKey: Guid(6c6c11379e8de964f9769549973e6a31) Importer(815301076,1909f56bfc062723c751e8b465ee728b)
Start importing Assets/prefab/3.prefab using Guid(6c6c11379e8de964f9769549973e6a31) Importer(815301076,1909f56bfc062723c751e8b465ee728b)  -> (artifact id: '2adbbcf0b404e34f937a141c5711357d') in 0.015130 seconds 
========================================================================
Received Import Request.
  Time since last request: 0.000017 seconds.
  path: Assets/prefab/5.prefab
  artifactKey: Guid(5bc789629d942df42840efca9a2a6ea0) Importer(815301076,1909f56bfc062723c751e8b465ee728b)
Start importing Assets/prefab/5.prefab using Guid(5bc789629d942df42840efca9a2a6ea0) Importer(815301076,1909f56bfc062723c751e8b465ee728b)  -> (artifact id: '8cfa340b88d84dd57908003b587b95ea') in 0.014330 seconds 
========================================================================
Received Import Request.
  Time since last request: 5.229808 seconds.
  path: Assets/prefab/3.prefab
  artifactKey: Guid(6c6c11379e8de964f9769549973e6a31) Importer(815301076,1909f56bfc062723c751e8b465ee728b)
Start importing Assets/prefab/3.prefab using Guid(6c6c11379e8de964f9769549973e6a31) Importer(815301076,1909f56bfc062723c751e8b465ee728b)  -> (artifact id: '1072a38be6d41be7f4c3064deb56aa31') in 0.016904 seconds 
========================================================================
Received Import Request.
  Time since last request: 0.000019 seconds.
  path: Assets/prefab/4.prefab
  artifactKey: Guid(951804ba155bd464f99aca832045152c) Importer(815301076,1909f56bfc062723c751e8b465ee728b)
Start importing Assets/prefab/4.prefab using Guid(951804ba155bd464f99aca832045152c) Importer(815301076,1909f56bfc062723c751e8b465ee728b)  -> (artifact id: '6cead1ff6f5472cbb72334ba6ec16a2e') in 0.016726 seconds 
========================================================================
Received Import Request.
  Time since last request: 5.401425 seconds.
  path: Assets/prefab/3.prefab
  artifactKey: Guid(6c6c11379e8de964f9769549973e6a31) Importer(815301076,1909f56bfc062723c751e8b465ee728b)
Start importing Assets/prefab/3.prefab using Guid(6c6c11379e8de964f9769549973e6a31) Importer(815301076,1909f56bfc062723c751e8b465ee728b)  -> (artifact id: '3473fda6d956bb5cfce05db5c06ee88e') in 0.025134 seconds 
========================================================================
Received Import Request.
  Time since last request: 5.034493 seconds.
  path: Assets/prefab/3.prefab
  artifactKey: Guid(6c6c11379e8de964f9769549973e6a31) Importer(815301076,1909f56bfc062723c751e8b465ee728b)
Start importing Assets/prefab/3.prefab using Guid(6c6c11379e8de964f9769549973e6a31) Importer(815301076,1909f56bfc062723c751e8b465ee728b)  -> (artifact id: 'a2ef2697a4467d2d67d569a81e47bbc4') in 0.014301 seconds 
========================================================================
Received Import Request.
  Time since last request: 0.000017 seconds.
  path: Assets/prefab/6.prefab
  artifactKey: Guid(c11be1d1e70430e478c5ae8e1a85380f) Importer(815301076,1909f56bfc062723c751e8b465ee728b)
Start importing Assets/prefab/6.prefab using Guid(c11be1d1e70430e478c5ae8e1a85380f) Importer(815301076,1909f56bfc062723c751e8b465ee728b)  -> (artifact id: 'cc0829e4e05551cafc020cda442aec4d') in 0.016222 seconds 
========================================================================
Received Prepare
Registering precompiled user dll's ...
Registered in 0.005186 seconds.
Begin MonoManager ReloadAssembly
Symbol file LoadedFromMemory doesn't match image C:\Users\Julie Legion\Documents\Code\perso\bubble-merge\bubble-merge\Library\PackageCache\com.unity.visualscripting@1.7.6\Editor\VisualScripting.Core\Dependencies\YamlDotNet\Unity.VisualScripting.YamlDotNet.dll
Symbol file LoadedFromMemory doesn't match image C:\Users\Julie Legion\Documents\Code\perso\bubble-merge\bubble-merge\Library\PackageCache\com.unity.visualscripting@1.7.6\Editor\VisualScripting.Core\Dependencies\DotNetZip\Unity.VisualScripting.IonicZip.dll
Native extension for WindowsStandalone target not found
Refreshing native plugins compatible for Editor in 0.91 ms, found 4 plugins.
Preloading 0 native plugins for Editor in 0.00 ms.
Mono: successfully reloaded assembly
- Completed reload, in  0.793 seconds
Domain Reload Profiling:
	ReloadAssembly (793ms)
		BeginReloadAssembly (114ms)
			ExecutionOrderSort (0ms)
			DisableScriptedObjects (4ms)
			BackupInstance (0ms)
			ReleaseScriptingObjects (0ms)
			CreateAndSetChildDomain (37ms)
		EndReloadAssembly (603ms)
			LoadAssemblies (71ms)
			RebuildTransferFunctionScriptingTraits (0ms)
			SetupTypeCache (184ms)
			ReleaseScriptCaches (2ms)
			RebuildScriptCaches (34ms)
			SetupLoadedEditorAssemblies (275ms)
				LogAssemblyErrors (0ms)
				InitializePlatformSupportModulesInManaged (10ms)
				SetLoadedEditorAssemblies (0ms)
				RefreshPlugins (1ms)
				BeforeProcessingInitializeOnLoad (72ms)
				ProcessInitializeOnLoadAttributes (153ms)
				ProcessInitializeOnLoadMethodAttributes (30ms)
				AfterProcessingInitializeOnLoad (9ms)
				EditorAssembliesLoaded (0ms)
			ExecutionOrderSort2 (0ms)
			AwakeInstancesAfterBackupRestoration (8ms)
Platform modules already initialized, skipping
Refreshing native plugins compatible for Editor in 3.93 ms, found 4 plugins.
Preloading 0 native plugins for Editor in 0.00 ms.
Unloading 4253 Unused Serialized files (Serialized files now loaded: 0)
Unloading 40 unused Assets / (24.7 KB). Loaded Objects now: 4737.
Memory consumption went from 180.8 MB to 180.8 MB.
Total: 3.516300 ms (FindLiveObjects: 0.300700 ms CreateObjectMapping: 0.156100 ms MarkObjects: 3.030400 ms  DeleteObjects: 0.028600 ms)

AssetImportParameters requested are different than current active one (requested -> active):
  custom:video-decoder-ogg-theora: a1e56fd34408186e4bbccfd4996cb3dc -> 
  custom:container-muxer-webm: aa71ff27fc2769a1b78a27578f13a17b -> 
  custom:container-demuxer-webm: 4f35f7cbe854078d1ac9338744f61a02 -> 
  custom:video-encoder-webm-vp8: eb34c28f22e8b96e1ab97ce403110664 -> 
  custom:audio-encoder-webm-vorbis: bf7c407c2cedff20999df2af8eb42d56 -> 
  custom:framework-win-MediaFoundation: 216162199b28c13a410421893ffa2e32 -> 
  custom:container-demuxer-ogg: 62fdf1f143b41e24485cea50d1cbac27 -> 
  custom:video-decoder-webm-vp8: 9c59270c3fd7afecdb556c50c9e8de78 -> 
  custom:audio-decoder-ogg-vorbis: bf7c407c2cedff20999df2af8eb42d56 -> 
========================================================================
Received Prepare
Registering precompiled user dll's ...
Registered in 0.005823 seconds.
Begin MonoManager ReloadAssembly
Symbol file LoadedFromMemory doesn't match image C:\Users\Julie Legion\Documents\Code\perso\bubble-merge\bubble-merge\Library\PackageCache\com.unity.visualscripting@1.7.6\Editor\VisualScripting.Core\Dependencies\YamlDotNet\Unity.VisualScripting.YamlDotNet.dll
Symbol file LoadedFromMemory doesn't match image C:\Users\Julie Legion\Documents\Code\perso\bubble-merge\bubble-merge\Library\PackageCache\com.unity.visualscripting@1.7.6\Editor\VisualScripting.Core\Dependencies\DotNetZip\Unity.VisualScripting.IonicZip.dll
Native extension for WindowsStandalone target not found
Refreshing native plugins compatible for Editor in 1.02 ms, found 4 plugins.
Preloading 0 native plugins for Editor in 0.00 ms.
Mono: successfully reloaded assembly
- Completed reload, in  0.680 seconds
Domain Reload Profiling:
	ReloadAssembly (681ms)
		BeginReloadAssembly (93ms)
			ExecutionOrderSort (0ms)
			DisableScriptedObjects (4ms)
			BackupInstance (0ms)
			ReleaseScriptingObjects (0ms)
			CreateAndSetChildDomain (28ms)
		EndReloadAssembly (522ms)
			LoadAssemblies (58ms)
			RebuildTransferFunctionScriptingTraits (0ms)
			SetupTypeCache (157ms)
			ReleaseScriptCaches (2ms)
			RebuildScriptCaches (31ms)
			SetupLoadedEditorAssemblies (238ms)
				LogAssemblyErrors (0ms)
				InitializePlatformSupportModulesInManaged (9ms)
				SetLoadedEditorAssemblies (0ms)
				RefreshPlugins (1ms)
				BeforeProcessingInitializeOnLoad (67ms)
				ProcessInitializeOnLoadAttributes (129ms)
				ProcessInitializeOnLoadMethodAttributes (25ms)
				AfterProcessingInitializeOnLoad (7ms)
				EditorAssembliesLoaded (0ms)
			ExecutionOrderSort2 (0ms)
			AwakeInstancesAfterBackupRestoration (7ms)
Platform modules already initialized, skipping
Refreshing native plugins compatible for Editor in 3.38 ms, found 4 plugins.
Preloading 0 native plugins for Editor in 0.00 ms.
Unloading 4253 Unused Serialized files (Serialized files now loaded: 0)
Unloading 40 unused Assets / (24.6 KB). Loaded Objects now: 4740.
Memory consumption went from 180.8 MB to 180.8 MB.
Total: 2.608600 ms (FindLiveObjects: 0.303400 ms CreateObjectMapping: 0.092900 ms MarkObjects: 2.193100 ms  DeleteObjects: 0.018400 ms)

AssetImportParameters requested are different than current active one (requested -> active):
  custom:video-decoder-ogg-theora: a1e56fd34408186e4bbccfd4996cb3dc -> 
  custom:container-muxer-webm: aa71ff27fc2769a1b78a27578f13a17b -> 
  custom:container-demuxer-webm: 4f35f7cbe854078d1ac9338744f61a02 -> 
  custom:video-encoder-webm-vp8: eb34c28f22e8b96e1ab97ce403110664 -> 
  custom:audio-encoder-webm-vorbis: bf7c407c2cedff20999df2af8eb42d56 -> 
  custom:framework-win-MediaFoundation: 216162199b28c13a410421893ffa2e32 -> 
  custom:container-demuxer-ogg: 62fdf1f143b41e24485cea50d1cbac27 -> 
  custom:video-decoder-webm-vp8: 9c59270c3fd7afecdb556c50c9e8de78 -> 
  custom:audio-decoder-ogg-vorbis: bf7c407c2cedff20999df2af8eb42d56 -> 
========================================================================
Received Prepare
Registering precompiled user dll's ...
Registered in 0.005717 seconds.
Begin MonoManager ReloadAssembly
Symbol file LoadedFromMemory doesn't match image C:\Users\Julie Legion\Documents\Code\perso\bubble-merge\bubble-merge\Library\PackageCache\com.unity.visualscripting@1.7.6\Editor\VisualScripting.Core\Dependencies\YamlDotNet\Unity.VisualScripting.YamlDotNet.dll
Symbol file LoadedFromMemory doesn't match image C:\Users\Julie Legion\Documents\Code\perso\bubble-merge\bubble-merge\Library\PackageCache\com.unity.visualscripting@1.7.6\Editor\VisualScripting.Core\Dependencies\DotNetZip\Unity.VisualScripting.IonicZip.dll
Native extension for WindowsStandalone target not found
Refreshing native plugins compatible for Editor in 0.62 ms, found 4 plugins.
Preloading 0 native plugins for Editor in 0.00 ms.
Mono: successfully reloaded assembly
- Completed reload, in  0.632 seconds
Domain Reload Profiling:
	ReloadAssembly (633ms)
		BeginReloadAssembly (93ms)
			ExecutionOrderSort (0ms)
			DisableScriptedObjects (4ms)
			BackupInstance (0ms)
			ReleaseScriptingObjects (0ms)
			CreateAndSetChildDomain (28ms)
		EndReloadAssembly (479ms)
			LoadAssemblies (60ms)
			RebuildTransferFunctionScriptingTraits (0ms)
			SetupTypeCache (132ms)
			ReleaseScriptCaches (1ms)
			RebuildScriptCaches (29ms)
			SetupLoadedEditorAssemblies (225ms)
				LogAssemblyErrors (0ms)
				InitializePlatformSupportModulesInManaged (9ms)
				SetLoadedEditorAssemblies (0ms)
				RefreshPlugins (1ms)
				BeforeProcessingInitializeOnLoad (61ms)
				ProcessInitializeOnLoadAttributes (122ms)
				ProcessInitializeOnLoadMethodAttributes (25ms)
				AfterProcessingInitializeOnLoad (7ms)
				EditorAssembliesLoaded (0ms)
			ExecutionOrderSort2 (0ms)
			AwakeInstancesAfterBackupRestoration (6ms)
Platform modules already initialized, skipping
Refreshing native plugins compatible for Editor in 3.12 ms, found 4 plugins.
Preloading 0 native plugins for Editor in 0.00 ms.
Unloading 4253 Unused Serialized files (Serialized files now loaded: 0)
Unloading 40 unused Assets / (24.7 KB). Loaded Objects now: 4743.
Memory consumption went from 180.8 MB to 180.8 MB.
Total: 4.147200 ms (FindLiveObjects: 0.484400 ms CreateObjectMapping: 0.201000 ms MarkObjects: 3.432800 ms  DeleteObjects: 0.027800 ms)

AssetImportParameters requested are different than current active one (requested -> active):
  custom:video-decoder-ogg-theora: a1e56fd34408186e4bbccfd4996cb3dc -> 
  custom:container-muxer-webm: aa71ff27fc2769a1b78a27578f13a17b -> 
  custom:container-demuxer-webm: 4f35f7cbe854078d1ac9338744f61a02 -> 
  custom:video-encoder-webm-vp8: eb34c28f22e8b96e1ab97ce403110664 -> 
  custom:audio-encoder-webm-vorbis: bf7c407c2cedff20999df2af8eb42d56 -> 
  custom:framework-win-MediaFoundation: 216162199b28c13a410421893ffa2e32 -> 
  custom:container-demuxer-ogg: 62fdf1f143b41e24485cea50d1cbac27 -> 
  custom:video-decoder-webm-vp8: 9c59270c3fd7afecdb556c50c9e8de78 -> 
  custom:audio-decoder-ogg-vorbis: bf7c407c2cedff20999df2af8eb42d56 -> 
========================================================================
Received Import Request.
  Time since last request: 459.087207 seconds.
  path: Assets/prefab/1.prefab
  artifactKey: Guid(09d7057108189a648a6fbfdcf40efe4e) Importer(815301076,1909f56bfc062723c751e8b465ee728b)
Start importing Assets/prefab/1.prefab using Guid(09d7057108189a648a6fbfdcf40efe4e) Importer(815301076,1909f56bfc062723c751e8b465ee728b)  -> (artifact id: '928a191eff29b9c586f3d35e370ade07') in 0.058393 seconds 
========================================================================
Received Import Request.
  Time since last request: 0.000017 seconds.
  path: Assets/prefab/4.prefab
  artifactKey: Guid(951804ba155bd464f99aca832045152c) Importer(815301076,1909f56bfc062723c751e8b465ee728b)
Start importing Assets/prefab/4.prefab using Guid(951804ba155bd464f99aca832045152c) Importer(815301076,1909f56bfc062723c751e8b465ee728b)  -> (artifact id: '66747aecfd7d95a58de9e10908e473bf') in 0.012816 seconds 
========================================================================
Received Import Request.
  Time since last request: 0.000014 seconds.
  path: Assets/prefab/3.prefab
  artifactKey: Guid(6c6c11379e8de964f9769549973e6a31) Importer(815301076,1909f56bfc062723c751e8b465ee728b)
Start importing Assets/prefab/3.prefab using Guid(6c6c11379e8de964f9769549973e6a31) Importer(815301076,1909f56bfc062723c751e8b465ee728b)  -> (artifact id: 'e4762ca89e6569db3dbb9a33441cca04') in 0.012431 seconds 
========================================================================
Received Import Request.
  Time since last request: 0.000022 seconds.
  path: Assets/prefab/5.prefab
  artifactKey: Guid(5bc789629d942df42840efca9a2a6ea0) Importer(815301076,1909f56bfc062723c751e8b465ee728b)
Start importing Assets/prefab/5.prefab using Guid(5bc789629d942df42840efca9a2a6ea0) Importer(815301076,1909f56bfc062723c751e8b465ee728b)  -> (artifact id: 'e782c62c25e443260ab36696b15b0ce9') in 0.011224 seconds 
========================================================================
Received Import Request.
  Time since last request: 10.600480 seconds.
  path: Assets/prefab/2.prefab
  artifactKey: Guid(59f7d7d93cd310142b3b71a489292668) Importer(815301076,1909f56bfc062723c751e8b465ee728b)
Start importing Assets/prefab/2.prefab using Guid(59f7d7d93cd310142b3b71a489292668) Importer(815301076,1909f56bfc062723c751e8b465ee728b)  -> (artifact id: '7edb4759c19f99c598c2fcb465d8efef') in 0.022127 seconds 
========================================================================
Received Import Request.
  Time since last request: 0.000014 seconds.
  path: Assets/prefab/6.prefab
  artifactKey: Guid(c11be1d1e70430e478c5ae8e1a85380f) Importer(815301076,1909f56bfc062723c751e8b465ee728b)
Start importing Assets/prefab/6.prefab using Guid(c11be1d1e70430e478c5ae8e1a85380f) Importer(815301076,1909f56bfc062723c751e8b465ee728b)  -> (artifact id: 'd618090e58460b34fdbfcd6198c46eea') in 0.019482 seconds 
========================================================================
Received Import Request.
  Time since last request: 0.000025 seconds.
  path: Assets/prefab/5.prefab
  artifactKey: Guid(5bc789629d942df42840efca9a2a6ea0) Importer(815301076,1909f56bfc062723c751e8b465ee728b)
Start importing Assets/prefab/5.prefab using Guid(5bc789629d942df42840efca9a2a6ea0) Importer(815301076,1909f56bfc062723c751e8b465ee728b)  -> (artifact id: '508fe471314037e4829336a5682410b9') in 0.014744 seconds 
========================================================================
Received Import Request.
  Time since last request: 6.361469 seconds.
  path: Assets/prefab/2.prefab
  artifactKey: Guid(59f7d7d93cd310142b3b71a489292668) Importer(815301076,1909f56bfc062723c751e8b465ee728b)
Start importing Assets/prefab/2.prefab using Guid(59f7d7d93cd310142b3b71a489292668) Importer(815301076,1909f56bfc062723c751e8b465ee728b)  -> (artifact id: 'b97653ad0f9f312515447b7c61bee2e2') in 0.015056 seconds 
========================================================================
Received Import Request.
  Time since last request: 3.003620 seconds.
  path: Assets/prefab/2.prefab
  artifactKey: Guid(59f7d7d93cd310142b3b71a489292668) Importer(815301076,1909f56bfc062723c751e8b465ee728b)
Start importing Assets/prefab/2.prefab using Guid(59f7d7d93cd310142b3b71a489292668) Importer(815301076,1909f56bfc062723c751e8b465ee728b)  -> (artifact id: '18cc6a33305aa0892e6d9436ea81ec16') in 0.014822 seconds 
========================================================================
Received Import Request.
  Time since last request: 0.000018 seconds.
  path: Assets/prefab/4.prefab
  artifactKey: Guid(951804ba155bd464f99aca832045152c) Importer(815301076,1909f56bfc062723c751e8b465ee728b)
Start importing Assets/prefab/4.prefab using Guid(951804ba155bd464f99aca832045152c) Importer(815301076,1909f56bfc062723c751e8b465ee728b)  -> (artifact id: '1b1f9bc703e2186c8db0ea46e12def6e') in 0.014136 seconds 
========================================================================
Received Import Request.
  Time since last request: 15.296050 seconds.
  path: Assets/prefab/2.prefab
  artifactKey: Guid(59f7d7d93cd310142b3b71a489292668) Importer(815301076,1909f56bfc062723c751e8b465ee728b)
Start importing Assets/prefab/2.prefab using Guid(59f7d7d93cd310142b3b71a489292668) Importer(815301076,1909f56bfc062723c751e8b465ee728b)  -> (artifact id: 'cb1e727569376d74231a92c1922a1654') in 0.019071 seconds 
========================================================================
Received Import Request.
  Time since last request: 35.878678 seconds.
  path: Assets/prefab/2.prefab
  artifactKey: Guid(59f7d7d93cd310142b3b71a489292668) Importer(815301076,1909f56bfc062723c751e8b465ee728b)
Start importing Assets/prefab/2.prefab using Guid(59f7d7d93cd310142b3b71a489292668) Importer(815301076,1909f56bfc062723c751e8b465ee728b)  -> (artifact id: '21d051586bf780e7d862c3ffb8e51810') in 0.015612 seconds 
========================================================================
Received Import Request.
  Time since last request: 0.000019 seconds.
  path: Assets/prefab/4.prefab
  artifactKey: Guid(951804ba155bd464f99aca832045152c) Importer(815301076,1909f56bfc062723c751e8b465ee728b)
Start importing Assets/prefab/4.prefab using Guid(951804ba155bd464f99aca832045152c) Importer(815301076,1909f56bfc062723c751e8b465ee728b)  -> (artifact id: 'd01428769e7451f6d7481360c3a68c31') in 0.014229 seconds 
========================================================================
Received Import Request.
  Time since last request: 34.132868 seconds.
  path: Assets/prefab/2.prefab
  artifactKey: Guid(59f7d7d93cd310142b3b71a489292668) Importer(815301076,1909f56bfc062723c751e8b465ee728b)
Start importing Assets/prefab/2.prefab using Guid(59f7d7d93cd310142b3b71a489292668) Importer(815301076,1909f56bfc062723c751e8b465ee728b)  -> (artifact id: 'e33071737fae0061767b0377ae99bcf0') in 0.017300 seconds 
========================================================================
Received Import Request.
  Time since last request: 0.000017 seconds.
  path: Assets/prefab/5.prefab
  artifactKey: Guid(5bc789629d942df42840efca9a2a6ea0) Importer(815301076,1909f56bfc062723c751e8b465ee728b)
Start importing Assets/prefab/5.prefab using Guid(5bc789629d942df42840efca9a2a6ea0) Importer(815301076,1909f56bfc062723c751e8b465ee728b)  -> (artifact id: '4e46d0c86358bc20c2b600482f459b54') in 0.014719 seconds 
========================================================================
Received Prepare
Registering precompiled user dll's ...
Registered in 0.005768 seconds.
Begin MonoManager ReloadAssembly
Symbol file LoadedFromMemory doesn't match image C:\Users\Julie Legion\Documents\Code\perso\bubble-merge\bubble-merge\Library\PackageCache\com.unity.visualscripting@1.7.6\Editor\VisualScripting.Core\Dependencies\YamlDotNet\Unity.VisualScripting.YamlDotNet.dll
Symbol file LoadedFromMemory doesn't match image C:\Users\Julie Legion\Documents\Code\perso\bubble-merge\bubble-merge\Library\PackageCache\com.unity.visualscripting@1.7.6\Editor\VisualScripting.Core\Dependencies\DotNetZip\Unity.VisualScripting.IonicZip.dll
Native extension for WindowsStandalone target not found
Refreshing native plugins compatible for Editor in 0.83 ms, found 4 plugins.
Preloading 0 native plugins for Editor in 0.00 ms.
Mono: successfully reloaded assembly
- Completed reload, in  0.763 seconds
Domain Reload Profiling:
	ReloadAssembly (763ms)
		BeginReloadAssembly (111ms)
			ExecutionOrderSort (0ms)
			DisableScriptedObjects (4ms)
			BackupInstance (0ms)
			ReleaseScriptingObjects (0ms)
			CreateAndSetChildDomain (39ms)
		EndReloadAssembly (579ms)
			LoadAssemblies (69ms)
			RebuildTransferFunctionScriptingTraits (0ms)
			SetupTypeCache (179ms)
			ReleaseScriptCaches (2ms)
			RebuildScriptCaches (35ms)
			SetupLoadedEditorAssemblies (255ms)
				LogAssemblyErrors (0ms)
				InitializePlatformSupportModulesInManaged (9ms)
				SetLoadedEditorAssemblies (0ms)
				RefreshPlugins (1ms)
				BeforeProcessingInitializeOnLoad (66ms)
				ProcessInitializeOnLoadAttributes (145ms)
				ProcessInitializeOnLoadMethodAttributes (27ms)
				AfterProcessingInitializeOnLoad (7ms)
				EditorAssembliesLoaded (0ms)
			ExecutionOrderSort2 (0ms)
			AwakeInstancesAfterBackupRestoration (7ms)
Platform modules already initialized, skipping
Refreshing native plugins compatible for Editor in 3.43 ms, found 4 plugins.
Preloading 0 native plugins for Editor in 0.00 ms.
Unloading 4253 Unused Serialized files (Serialized files now loaded: 0)
Unloading 40 unused Assets / (24.7 KB). Loaded Objects now: 4746.
Memory consumption went from 180.8 MB to 180.8 MB.
Total: 4.477900 ms (FindLiveObjects: 1.026500 ms CreateObjectMapping: 0.222000 ms MarkObjects: 3.199200 ms  DeleteObjects: 0.028300 ms)

AssetImportParameters requested are different than current active one (requested -> active):
  custom:video-decoder-ogg-theora: a1e56fd34408186e4bbccfd4996cb3dc -> 
  custom:container-muxer-webm: aa71ff27fc2769a1b78a27578f13a17b -> 
  custom:container-demuxer-webm: 4f35f7cbe854078d1ac9338744f61a02 -> 
  custom:video-encoder-webm-vp8: eb34c28f22e8b96e1ab97ce403110664 -> 
  custom:audio-encoder-webm-vorbis: bf7c407c2cedff20999df2af8eb42d56 -> 
  custom:framework-win-MediaFoundation: 216162199b28c13a410421893ffa2e32 -> 
  custom:container-demuxer-ogg: 62fdf1f143b41e24485cea50d1cbac27 -> 
  custom:video-decoder-webm-vp8: 9c59270c3fd7afecdb556c50c9e8de78 -> 
  custom:audio-decoder-ogg-vorbis: bf7c407c2cedff20999df2af8eb42d56 -> 
