Using pre-set license
Built from '2021.3/staging' branch; Version is '2021.3.2f1 (d6360bedb9a0) revision 14038539'; Using compiler version '192829333'; Build Type 'Release'
OS: 'Windows 10  (10.0.19045) 64bit Core' Language: 'fr' Physical Memory: 31937 MB
BatchMode: 1, IsHumanControllingUs: 0, StartBugReporterOnCrash: 0, Is64bit: 1, IsPro: 1

COMMAND LINE ARGUMENTS:
C:\Users\Julie Legion\Documents\Code\rocket_league_ia\2021.3.2f1\Editor\Unity.exe
-adb2
-batchMode
-noUpm
-name
AssetImportWorker2
-projectPath
C:/Users/Julie Legion/Documents/Code/perso/bubble-merge/bubble-merge
-logFile
Logs/AssetImportWorker2.log
-srvPort
42961
Successfully changed project path to: C:/Users/Julie Legion/Documents/Code/perso/bubble-merge/bubble-merge
C:/Users/Julie Legion/Documents/Code/perso/bubble-merge/bubble-merge
[UnityMemory] Configuration Parameters - Can be set up in boot.config
    "memorysetup-bucket-allocator-granularity=16"
    "memorysetup-bucket-allocator-bucket-count=8"
    "memorysetup-bucket-allocator-block-size=33554432"
    "memorysetup-bucket-allocator-block-count=8"
    "memorysetup-main-allocator-block-size=16777216"
    "memorysetup-thread-allocator-block-size=16777216"
    "memorysetup-gfx-main-allocator-block-size=16777216"
    "memorysetup-gfx-thread-allocator-block-size=16777216"
    "memorysetup-cache-allocator-block-size=4194304"
    "memorysetup-typetree-allocator-block-size=2097152"
    "memorysetup-profiler-bucket-allocator-granularity=16"
    "memorysetup-profiler-bucket-allocator-bucket-count=8"
    "memorysetup-profiler-bucket-allocator-block-size=33554432"
    "memorysetup-profiler-bucket-allocator-block-count=8"
    "memorysetup-profiler-allocator-block-size=16777216"
    "memorysetup-profiler-editor-allocator-block-size=1048576"
    "memorysetup-temp-allocator-size-main=16777216"
    "memorysetup-job-temp-allocator-block-size=2097152"
    "memorysetup-job-temp-allocator-block-size-background=1048576"
    "memorysetup-job-temp-allocator-reduction-small-platforms=262144"
    "memorysetup-temp-allocator-size-background-worker=32768"
    "memorysetup-temp-allocator-size-job-worker=262144"
    "memorysetup-temp-allocator-size-preload-manager=33554432"
    "memorysetup-temp-allocator-size-nav-mesh-worker=65536"
    "memorysetup-temp-allocator-size-audio-worker=65536"
    "memorysetup-temp-allocator-size-cloud-worker=32768"
    "memorysetup-temp-allocator-size-gi-baking-worker=262144"
    "memorysetup-temp-allocator-size-gfx=262144"
Refreshing native plugins compatible for Editor in 74.86 ms, found 4 plugins.
Preloading 0 native plugins for Editor in 0.00 ms.
Initialize engine version: 2021.3.2f1 (d6360bedb9a0)
[Subsystems] Discovering subsystems at path C:/Users/Julie Legion/Documents/Code/rocket_league_ia/2021.3.2f1/Editor/Data/Resources/UnitySubsystems
[Subsystems] Discovering subsystems at path C:/Users/Julie Legion/Documents/Code/perso/bubble-merge/bubble-merge/Assets
GfxDevice: creating device client; threaded=0; jobified=0
Direct3D:
    Version:  Direct3D 11.0 [level 11.1]
    Renderer: NVIDIA GeForce RTX 4070 Laptop GPU (ID=0x2860)
    Vendor:   NVIDIA
    VRAM:     7963 MB
    Driver:   31.0.15.4633
Initialize mono
Mono path[0] = 'C:/Users/Julie Legion/Documents/Code/rocket_league_ia/2021.3.2f1/Editor/Data/Managed'
Mono path[1] = 'C:/Users/Julie Legion/Documents/Code/rocket_league_ia/2021.3.2f1/Editor/Data/MonoBleedingEdge/lib/mono/unityjit-win32'
Mono config path = 'C:/Users/Julie Legion/Documents/Code/rocket_league_ia/2021.3.2f1/Editor/Data/MonoBleedingEdge/etc'
Using monoOptions --debugger-agent=transport=dt_socket,embedding=1,server=y,suspend=n,address=127.0.0.1:56836
Begin MonoManager ReloadAssembly
Registering precompiled unity dll's ...
Register platform support module: C:/Users/Julie Legion/Documents/Code/rocket_league_ia/2021.3.2f1/Editor/Data/PlaybackEngines/WindowsStandaloneSupport/UnityEditor.WindowsStandalone.Extensions.dll
Registered in 0.005974 seconds.
Native extension for WindowsStandalone target not found
Refreshing native plugins compatible for Editor in 61.24 ms, found 4 plugins.
Preloading 0 native plugins for Editor in 0.00 ms.
Mono: successfully reloaded assembly
- Completed reload, in  0.390 seconds
Domain Reload Profiling:
	ReloadAssembly (390ms)
		BeginReloadAssembly (52ms)
			ExecutionOrderSort (0ms)
			DisableScriptedObjects (0ms)
			BackupInstance (0ms)
			ReleaseScriptingObjects (0ms)
			CreateAndSetChildDomain (1ms)
		EndReloadAssembly (270ms)
			LoadAssemblies (50ms)
			RebuildTransferFunctionScriptingTraits (0ms)
			SetupTypeCache (55ms)
			ReleaseScriptCaches (0ms)
			RebuildScriptCaches (14ms)
			SetupLoadedEditorAssemblies (170ms)
				LogAssemblyErrors (0ms)
				InitializePlatformSupportModulesInManaged (5ms)
				SetLoadedEditorAssemblies (0ms)
				RefreshPlugins (61ms)
				BeforeProcessingInitializeOnLoad (1ms)
				ProcessInitializeOnLoadAttributes (76ms)
				ProcessInitializeOnLoadMethodAttributes (26ms)
				AfterProcessingInitializeOnLoad (0ms)
				EditorAssembliesLoaded (0ms)
			ExecutionOrderSort2 (0ms)
			AwakeInstancesAfterBackupRestoration (0ms)
Platform modules already initialized, skipping
Registering precompiled user dll's ...
Registered in 0.005291 seconds.
Begin MonoManager ReloadAssembly
Symbol file LoadedFromMemory doesn't match image C:\Users\Julie Legion\Documents\Code\perso\bubble-merge\bubble-merge\Library\PackageCache\com.unity.visualscripting@1.7.6\Editor\VisualScripting.Core\Dependencies\YamlDotNet\Unity.VisualScripting.YamlDotNet.dll
Symbol file LoadedFromMemory doesn't match image C:\Users\Julie Legion\Documents\Code\perso\bubble-merge\bubble-merge\Library\PackageCache\com.unity.visualscripting@1.7.6\Editor\VisualScripting.Core\Dependencies\DotNetZip\Unity.VisualScripting.IonicZip.dll
Native extension for WindowsStandalone target not found
Refreshing native plugins compatible for Editor in 61.45 ms, found 4 plugins.
Preloading 0 native plugins for Editor in 0.00 ms.
Mono: successfully reloaded assembly
Package Manager log level set to [2]
- Completed reload, in  0.689 seconds
Domain Reload Profiling:
	ReloadAssembly (689ms)
		BeginReloadAssembly (68ms)
			ExecutionOrderSort (0ms)
			DisableScriptedObjects (3ms)
			BackupInstance (0ms)
			ReleaseScriptingObjects (0ms)
			CreateAndSetChildDomain (14ms)
		EndReloadAssembly (551ms)
			LoadAssemblies (56ms)
			RebuildTransferFunctionScriptingTraits (0ms)
			SetupTypeCache (128ms)
			ReleaseScriptCaches (1ms)
			RebuildScriptCaches (30ms)
			SetupLoadedEditorAssemblies (305ms)
				LogAssemblyErrors (0ms)
				InitializePlatformSupportModulesInManaged (3ms)
				SetLoadedEditorAssemblies (0ms)
				RefreshPlugins (62ms)
				BeforeProcessingInitializeOnLoad (76ms)
				ProcessInitializeOnLoadAttributes (134ms)
				ProcessInitializeOnLoadMethodAttributes (23ms)
				AfterProcessingInitializeOnLoad (7ms)
				EditorAssembliesLoaded (0ms)
			ExecutionOrderSort2 (0ms)
			AwakeInstancesAfterBackupRestoration (5ms)
Platform modules already initialized, skipping
========================================================================
Worker process is ready to serve import requests
Launched and connected shader compiler UnityShaderCompiler.exe after 0.03 seconds
Refreshing native plugins compatible for Editor in 0.69 ms, found 4 plugins.
Preloading 0 native plugins for Editor in 0.00 ms.
Unloading 4264 Unused Serialized files (Serialized files now loaded: 0)
Unloading 52 unused Assets / (30.3 KB). Loaded Objects now: 4728.
Memory consumption went from 177.0 MB to 176.9 MB.
Total: 2.354700 ms (FindLiveObjects: 0.224200 ms CreateObjectMapping: 0.063900 ms MarkObjects: 2.046400 ms  DeleteObjects: 0.019800 ms)

AssetImportParameters requested are different than current active one (requested -> active):
  custom:video-decoder-ogg-theora: a1e56fd34408186e4bbccfd4996cb3dc -> 
  custom:container-muxer-webm: aa71ff27fc2769a1b78a27578f13a17b -> 
  custom:container-demuxer-webm: 4f35f7cbe854078d1ac9338744f61a02 -> 
  custom:video-encoder-webm-vp8: eb34c28f22e8b96e1ab97ce403110664 -> 
  custom:audio-encoder-webm-vorbis: bf7c407c2cedff20999df2af8eb42d56 -> 
  custom:framework-win-MediaFoundation: 216162199b28c13a410421893ffa2e32 -> 
  custom:container-demuxer-ogg: 62fdf1f143b41e24485cea50d1cbac27 -> 
  custom:video-decoder-webm-vp8: 9c59270c3fd7afecdb556c50c9e8de78 -> 
  custom:audio-decoder-ogg-vorbis: bf7c407c2cedff20999df2af8eb42d56 -> 
========================================================================
Received Import Request.
  Time since last request: 186729.935224 seconds.
  path: Assets/prefab/0.prefab
  artifactKey: Guid(b003078baf34a3f4eaae2d279205a6a9) Importer(815301076,1909f56bfc062723c751e8b465ee728b)
Start importing Assets/prefab/0.prefab using Guid(b003078baf34a3f4eaae2d279205a6a9) Importer(815301076,1909f56bfc062723c751e8b465ee728b)  -> (artifact id: 'e62eb1d0263a262602c604eca6776277') in 0.087867 seconds 
========================================================================
Received Import Request.
  Time since last request: 12.284814 seconds.
  path: Assets/prefab/0.prefab
  artifactKey: Guid(b003078baf34a3f4eaae2d279205a6a9) Importer(815301076,1909f56bfc062723c751e8b465ee728b)
Start importing Assets/prefab/0.prefab using Guid(b003078baf34a3f4eaae2d279205a6a9) Importer(815301076,1909f56bfc062723c751e8b465ee728b)  -> (artifact id: 'f0f620a8c1eb9f719b0f3bbd5a36ac3c') in 0.032314 seconds 
========================================================================
Received Import Request.
  Time since last request: 3.670587 seconds.
  path: Assets/prefab/0.prefab
  artifactKey: Guid(b003078baf34a3f4eaae2d279205a6a9) Importer(815301076,1909f56bfc062723c751e8b465ee728b)
Start importing Assets/prefab/0.prefab using Guid(b003078baf34a3f4eaae2d279205a6a9) Importer(815301076,1909f56bfc062723c751e8b465ee728b)  -> (artifact id: '9a0e232dfb2a0b7311c2e8094d599f6f') in 0.017758 seconds 
========================================================================
Received Import Request.
  Time since last request: 0.000018 seconds.
  path: Assets/prefab/6.prefab
  artifactKey: Guid(c11be1d1e70430e478c5ae8e1a85380f) Importer(815301076,1909f56bfc062723c751e8b465ee728b)
Start importing Assets/prefab/6.prefab using Guid(c11be1d1e70430e478c5ae8e1a85380f) Importer(815301076,1909f56bfc062723c751e8b465ee728b)  -> (artifact id: '1df13488a934c617aa67b02c0168fa94') in 0.014270 seconds 
========================================================================
Received Import Request.
  Time since last request: 6.977388 seconds.
  path: Assets/prefab/0.prefab
  artifactKey: Guid(b003078baf34a3f4eaae2d279205a6a9) Importer(815301076,1909f56bfc062723c751e8b465ee728b)
Start importing Assets/prefab/0.prefab using Guid(b003078baf34a3f4eaae2d279205a6a9) Importer(815301076,1909f56bfc062723c751e8b465ee728b)  -> (artifact id: 'cb294d7199c5df46262e46a4b0e87e46') in 0.023820 seconds 
========================================================================
Received Import Request.
  Time since last request: 9.647749 seconds.
  path: Assets/prefab/0.prefab
  artifactKey: Guid(b003078baf34a3f4eaae2d279205a6a9) Importer(815301076,1909f56bfc062723c751e8b465ee728b)
Start importing Assets/prefab/0.prefab using Guid(b003078baf34a3f4eaae2d279205a6a9) Importer(815301076,1909f56bfc062723c751e8b465ee728b)  -> (artifact id: '27c9029b003a5495dc697bfe6b419c59') in 0.013722 seconds 
========================================================================
Received Import Request.
  Time since last request: 6.657410 seconds.
  path: Assets/prefab/0.prefab
  artifactKey: Guid(b003078baf34a3f4eaae2d279205a6a9) Importer(815301076,1909f56bfc062723c751e8b465ee728b)
Start importing Assets/prefab/0.prefab using Guid(b003078baf34a3f4eaae2d279205a6a9) Importer(815301076,1909f56bfc062723c751e8b465ee728b)  -> (artifact id: '635cf86ebaa724eb0deae569f6a8304f') in 0.020058 seconds 
========================================================================
Received Import Request.
  Time since last request: 0.000015 seconds.
  path: Assets/prefab/4.prefab
  artifactKey: Guid(951804ba155bd464f99aca832045152c) Importer(815301076,1909f56bfc062723c751e8b465ee728b)
Start importing Assets/prefab/4.prefab using Guid(951804ba155bd464f99aca832045152c) Importer(815301076,1909f56bfc062723c751e8b465ee728b)  -> (artifact id: '4051b62c49aca41cec0eda1b4df678bc') in 0.016169 seconds 
========================================================================
Received Import Request.
  Time since last request: 12.201233 seconds.
  path: Assets/prefab/0.prefab
  artifactKey: Guid(b003078baf34a3f4eaae2d279205a6a9) Importer(815301076,1909f56bfc062723c751e8b465ee728b)
Start importing Assets/prefab/0.prefab using Guid(b003078baf34a3f4eaae2d279205a6a9) Importer(815301076,1909f56bfc062723c751e8b465ee728b)  -> (artifact id: 'aaca698191ba4f8838664c20f74af382') in 0.034255 seconds 
========================================================================
Received Import Request.
  Time since last request: 1.365922 seconds.
  path: Assets/prefab/0.prefab
  artifactKey: Guid(b003078baf34a3f4eaae2d279205a6a9) Importer(815301076,1909f56bfc062723c751e8b465ee728b)
Start importing Assets/prefab/0.prefab using Guid(b003078baf34a3f4eaae2d279205a6a9) Importer(815301076,1909f56bfc062723c751e8b465ee728b)  -> (artifact id: 'de2c547c96b7eca8ea0a632e2756546b') in 0.028058 seconds 
========================================================================
Received Import Request.
  Time since last request: 9.222837 seconds.
  path: Assets/prefab/0.prefab
  artifactKey: Guid(b003078baf34a3f4eaae2d279205a6a9) Importer(815301076,1909f56bfc062723c751e8b465ee728b)
Start importing Assets/prefab/0.prefab using Guid(b003078baf34a3f4eaae2d279205a6a9) Importer(815301076,1909f56bfc062723c751e8b465ee728b)  -> (artifact id: '7135c0b249beb725cd31113a6e047296') in 0.014066 seconds 
========================================================================
Received Import Request.
  Time since last request: 0.000016 seconds.
  path: Assets/prefab/6.prefab
  artifactKey: Guid(c11be1d1e70430e478c5ae8e1a85380f) Importer(815301076,1909f56bfc062723c751e8b465ee728b)
Start importing Assets/prefab/6.prefab using Guid(c11be1d1e70430e478c5ae8e1a85380f) Importer(815301076,1909f56bfc062723c751e8b465ee728b)  -> (artifact id: 'bea1d09d9cd21d0d117670e1aed42dfd') in 0.013265 seconds 
========================================================================
Received Import Request.
  Time since last request: 2.782011 seconds.
  path: Assets/prefab/0.prefab
  artifactKey: Guid(b003078baf34a3f4eaae2d279205a6a9) Importer(815301076,1909f56bfc062723c751e8b465ee728b)
Start importing Assets/prefab/0.prefab using Guid(b003078baf34a3f4eaae2d279205a6a9) Importer(815301076,1909f56bfc062723c751e8b465ee728b)  -> (artifact id: '9f8a366f0a2e480069a6fca79f324211') in 0.028910 seconds 
========================================================================
Received Import Request.
  Time since last request: 0.000015 seconds.
  path: Assets/prefab/4.prefab
  artifactKey: Guid(951804ba155bd464f99aca832045152c) Importer(815301076,1909f56bfc062723c751e8b465ee728b)
Start importing Assets/prefab/4.prefab using Guid(951804ba155bd464f99aca832045152c) Importer(815301076,1909f56bfc062723c751e8b465ee728b)  -> (artifact id: '107178943ed5193aa44504d94c4a793f') in 0.015779 seconds 
========================================================================
Received Import Request.
  Time since last request: 1.966903 seconds.
  path: Assets/prefab/0.prefab
  artifactKey: Guid(b003078baf34a3f4eaae2d279205a6a9) Importer(815301076,1909f56bfc062723c751e8b465ee728b)
Start importing Assets/prefab/0.prefab using Guid(b003078baf34a3f4eaae2d279205a6a9) Importer(815301076,1909f56bfc062723c751e8b465ee728b)  -> (artifact id: 'ef5a2ff65eabb6581ada5d3aaae472d6') in 0.019500 seconds 
========================================================================
Received Import Request.
  Time since last request: 0.000015 seconds.
  path: Assets/prefab/4.prefab
  artifactKey: Guid(951804ba155bd464f99aca832045152c) Importer(815301076,1909f56bfc062723c751e8b465ee728b)
Start importing Assets/prefab/4.prefab using Guid(951804ba155bd464f99aca832045152c) Importer(815301076,1909f56bfc062723c751e8b465ee728b)  -> (artifact id: '14af4eee0679a11dfa01f23b3a265f2e') in 0.015693 seconds 
========================================================================
Received Import Request.
  Time since last request: 1.354568 seconds.
  path: Assets/prefab/0.prefab
  artifactKey: Guid(b003078baf34a3f4eaae2d279205a6a9) Importer(815301076,1909f56bfc062723c751e8b465ee728b)
Start importing Assets/prefab/0.prefab using Guid(b003078baf34a3f4eaae2d279205a6a9) Importer(815301076,1909f56bfc062723c751e8b465ee728b)  -> (artifact id: '57807f4cb0fa8bb34e3936a5ab7edf54') in 0.024053 seconds 
========================================================================
Received Import Request.
  Time since last request: 0.000016 seconds.
  path: Assets/prefab/6.prefab
  artifactKey: Guid(c11be1d1e70430e478c5ae8e1a85380f) Importer(815301076,1909f56bfc062723c751e8b465ee728b)
Start importing Assets/prefab/6.prefab using Guid(c11be1d1e70430e478c5ae8e1a85380f) Importer(815301076,1909f56bfc062723c751e8b465ee728b)  -> (artifact id: '71c0e3e6c36ea199358fbea35d2ced86') in 0.015474 seconds 
========================================================================
Received Import Request.
  Time since last request: 3.579620 seconds.
  path: Assets/prefab/0.prefab
  artifactKey: Guid(b003078baf34a3f4eaae2d279205a6a9) Importer(815301076,1909f56bfc062723c751e8b465ee728b)
Start importing Assets/prefab/0.prefab using Guid(b003078baf34a3f4eaae2d279205a6a9) Importer(815301076,1909f56bfc062723c751e8b465ee728b)  -> (artifact id: '4500252b4fc148623b3a0c96c2e38ec7') in 0.014913 seconds 
========================================================================
Received Import Request.
  Time since last request: 0.000017 seconds.
  path: Assets/prefab/6.prefab
  artifactKey: Guid(c11be1d1e70430e478c5ae8e1a85380f) Importer(815301076,1909f56bfc062723c751e8b465ee728b)
Start importing Assets/prefab/6.prefab using Guid(c11be1d1e70430e478c5ae8e1a85380f) Importer(815301076,1909f56bfc062723c751e8b465ee728b)  -> (artifact id: 'b0aa26b39daf8533d61cb84ea519f5cb') in 0.013849 seconds 
========================================================================
Received Import Request.
  Time since last request: 1.776775 seconds.
  path: Assets/prefab/0.prefab
  artifactKey: Guid(b003078baf34a3f4eaae2d279205a6a9) Importer(815301076,1909f56bfc062723c751e8b465ee728b)
Start importing Assets/prefab/0.prefab using Guid(b003078baf34a3f4eaae2d279205a6a9) Importer(815301076,1909f56bfc062723c751e8b465ee728b)  -> (artifact id: '74a0bc663844ba9201dedcb52f7ec0c0') in 0.015279 seconds 
========================================================================
Received Import Request.
  Time since last request: 0.000017 seconds.
  path: Assets/prefab/5.prefab
  artifactKey: Guid(5bc789629d942df42840efca9a2a6ea0) Importer(815301076,1909f56bfc062723c751e8b465ee728b)
Start importing Assets/prefab/5.prefab using Guid(5bc789629d942df42840efca9a2a6ea0) Importer(815301076,1909f56bfc062723c751e8b465ee728b)  -> (artifact id: '7848559dae22c0bb9be0ab9eb7731682') in 0.013707 seconds 
========================================================================
Received Import Request.
  Time since last request: 3.580179 seconds.
  path: Assets/prefab/0.prefab
  artifactKey: Guid(b003078baf34a3f4eaae2d279205a6a9) Importer(815301076,1909f56bfc062723c751e8b465ee728b)
Start importing Assets/prefab/0.prefab using Guid(b003078baf34a3f4eaae2d279205a6a9) Importer(815301076,1909f56bfc062723c751e8b465ee728b)  -> (artifact id: 'f8592784cb000c294aefe38a195288fe') in 0.031203 seconds 
========================================================================
Received Import Request.
  Time since last request: 0.000014 seconds.
  path: Assets/prefab/5.prefab
  artifactKey: Guid(5bc789629d942df42840efca9a2a6ea0) Importer(815301076,1909f56bfc062723c751e8b465ee728b)
Start importing Assets/prefab/5.prefab using Guid(5bc789629d942df42840efca9a2a6ea0) Importer(815301076,1909f56bfc062723c751e8b465ee728b)  -> (artifact id: 'e68c9ef1b196482bf24798b7dee546e7') in 0.024087 seconds 
========================================================================
Received Import Request.
  Time since last request: 7.067801 seconds.
  path: Assets/prefab/0.prefab
  artifactKey: Guid(b003078baf34a3f4eaae2d279205a6a9) Importer(815301076,1909f56bfc062723c751e8b465ee728b)
Start importing Assets/prefab/0.prefab using Guid(b003078baf34a3f4eaae2d279205a6a9) Importer(815301076,1909f56bfc062723c751e8b465ee728b)  -> (artifact id: '78684f8edeff3f08d7283ce6dc9ab161') in 0.021015 seconds 
========================================================================
Received Import Request.
  Time since last request: 0.000015 seconds.
  path: Assets/prefab/4.prefab
  artifactKey: Guid(951804ba155bd464f99aca832045152c) Importer(815301076,1909f56bfc062723c751e8b465ee728b)
Start importing Assets/prefab/4.prefab using Guid(951804ba155bd464f99aca832045152c) Importer(815301076,1909f56bfc062723c751e8b465ee728b)  -> (artifact id: '8a359a76ea6596e216791ba64118edfc') in 0.020318 seconds 
========================================================================
Received Import Request.
  Time since last request: 2.363247 seconds.
  path: Assets/prefab/0.prefab
  artifactKey: Guid(b003078baf34a3f4eaae2d279205a6a9) Importer(815301076,1909f56bfc062723c751e8b465ee728b)
Start importing Assets/prefab/0.prefab using Guid(b003078baf34a3f4eaae2d279205a6a9) Importer(815301076,1909f56bfc062723c751e8b465ee728b)  -> (artifact id: '9dd9017121e963075c4154a9cb3eac3d') in 0.014671 seconds 
========================================================================
Received Import Request.
  Time since last request: 0.000020 seconds.
  path: Assets/prefab/6.prefab
  artifactKey: Guid(c11be1d1e70430e478c5ae8e1a85380f) Importer(815301076,1909f56bfc062723c751e8b465ee728b)
Start importing Assets/prefab/6.prefab using Guid(c11be1d1e70430e478c5ae8e1a85380f) Importer(815301076,1909f56bfc062723c751e8b465ee728b)  -> (artifact id: '13d7564f1bd516831e2942ccf88d64f9') in 0.012386 seconds 
========================================================================
Received Import Request.
  Time since last request: 10.825725 seconds.
  path: Assets/prefab/0.prefab
  artifactKey: Guid(b003078baf34a3f4eaae2d279205a6a9) Importer(815301076,1909f56bfc062723c751e8b465ee728b)
Start importing Assets/prefab/0.prefab using Guid(b003078baf34a3f4eaae2d279205a6a9) Importer(815301076,1909f56bfc062723c751e8b465ee728b)  -> (artifact id: 'fd9370f3df2f59dc3d759161de81525a') in 0.032271 seconds 
========================================================================
Received Import Request.
  Time since last request: 3.965339 seconds.
  path: Assets/prefab/0.prefab
  artifactKey: Guid(b003078baf34a3f4eaae2d279205a6a9) Importer(815301076,1909f56bfc062723c751e8b465ee728b)
Start importing Assets/prefab/0.prefab using Guid(b003078baf34a3f4eaae2d279205a6a9) Importer(815301076,1909f56bfc062723c751e8b465ee728b)  -> (artifact id: 'c9438fed1451de541639747846db1326') in 0.014946 seconds 
========================================================================
Received Import Request.
  Time since last request: 0.000022 seconds.
  path: Assets/prefab/4.prefab
  artifactKey: Guid(951804ba155bd464f99aca832045152c) Importer(815301076,1909f56bfc062723c751e8b465ee728b)
Start importing Assets/prefab/4.prefab using Guid(951804ba155bd464f99aca832045152c) Importer(815301076,1909f56bfc062723c751e8b465ee728b)  -> (artifact id: 'ac323cbe58b5aa1b06de18f3f7bf31e3') in 0.015096 seconds 
========================================================================
Received Import Request.
  Time since last request: 11.446168 seconds.
  path: Assets/prefab/0.prefab
  artifactKey: Guid(b003078baf34a3f4eaae2d279205a6a9) Importer(815301076,1909f56bfc062723c751e8b465ee728b)
Start importing Assets/prefab/0.prefab using Guid(b003078baf34a3f4eaae2d279205a6a9) Importer(815301076,1909f56bfc062723c751e8b465ee728b)  -> (artifact id: '684d00c1f67bdbf394b4295abce69189') in 0.020771 seconds 
========================================================================
Received Import Request.
  Time since last request: 0.000015 seconds.
  path: Assets/prefab/4.prefab
  artifactKey: Guid(951804ba155bd464f99aca832045152c) Importer(815301076,1909f56bfc062723c751e8b465ee728b)
Start importing Assets/prefab/4.prefab using Guid(951804ba155bd464f99aca832045152c) Importer(815301076,1909f56bfc062723c751e8b465ee728b)  -> (artifact id: 'e1367a8fd59f0d6a7d387f8035b68c61') in 0.023613 seconds 
========================================================================
Received Import Request.
  Time since last request: 5.300640 seconds.
  path: Assets/prefab/0.prefab
  artifactKey: Guid(b003078baf34a3f4eaae2d279205a6a9) Importer(815301076,1909f56bfc062723c751e8b465ee728b)
Start importing Assets/prefab/0.prefab using Guid(b003078baf34a3f4eaae2d279205a6a9) Importer(815301076,1909f56bfc062723c751e8b465ee728b)  -> (artifact id: 'ce3bd97d20164c0aa7498fc93d0e4295') in 0.018007 seconds 
========================================================================
Received Import Request.
  Time since last request: 0.000014 seconds.
  path: Assets/prefab/5.prefab
  artifactKey: Guid(5bc789629d942df42840efca9a2a6ea0) Importer(815301076,1909f56bfc062723c751e8b465ee728b)
Start importing Assets/prefab/5.prefab using Guid(5bc789629d942df42840efca9a2a6ea0) Importer(815301076,1909f56bfc062723c751e8b465ee728b)  -> (artifact id: 'bfd8ac29cbdca34741986d964a8ff928') in 0.013544 seconds 
========================================================================
Received Import Request.
  Time since last request: 2.371085 seconds.
  path: Assets/prefab/0.prefab
  artifactKey: Guid(b003078baf34a3f4eaae2d279205a6a9) Importer(815301076,1909f56bfc062723c751e8b465ee728b)
Start importing Assets/prefab/0.prefab using Guid(b003078baf34a3f4eaae2d279205a6a9) Importer(815301076,1909f56bfc062723c751e8b465ee728b)  -> (artifact id: '68d047fbdfe350ac6a9ad224854c71bb') in 0.032356 seconds 
========================================================================
Received Import Request.
  Time since last request: 2.994906 seconds.
  path: Assets/prefab/0.prefab
  artifactKey: Guid(b003078baf34a3f4eaae2d279205a6a9) Importer(815301076,1909f56bfc062723c751e8b465ee728b)
Start importing Assets/prefab/0.prefab using Guid(b003078baf34a3f4eaae2d279205a6a9) Importer(815301076,1909f56bfc062723c751e8b465ee728b)  -> (artifact id: '6e1127cfebe631b4aa0d694c7249d313') in 0.022691 seconds 
========================================================================
Received Import Request.
  Time since last request: 0.000015 seconds.
  path: Assets/prefab/5.prefab
  artifactKey: Guid(5bc789629d942df42840efca9a2a6ea0) Importer(815301076,1909f56bfc062723c751e8b465ee728b)
Start importing Assets/prefab/5.prefab using Guid(5bc789629d942df42840efca9a2a6ea0) Importer(815301076,1909f56bfc062723c751e8b465ee728b)  -> (artifact id: 'bbc6877fa75b3e784c9efa1b73d7592c') in 0.019998 seconds 
========================================================================
Received Import Request.
  Time since last request: 4.064725 seconds.
  path: Assets/prefab/0.prefab
  artifactKey: Guid(b003078baf34a3f4eaae2d279205a6a9) Importer(815301076,1909f56bfc062723c751e8b465ee728b)
Start importing Assets/prefab/0.prefab using Guid(b003078baf34a3f4eaae2d279205a6a9) Importer(815301076,1909f56bfc062723c751e8b465ee728b)  -> (artifact id: 'a436f932b32a6954e84dbba69a232386') in 0.013687 seconds 
========================================================================
Received Import Request.
  Time since last request: 0.000017 seconds.
  path: Assets/prefab/6.prefab
  artifactKey: Guid(c11be1d1e70430e478c5ae8e1a85380f) Importer(815301076,1909f56bfc062723c751e8b465ee728b)
Start importing Assets/prefab/6.prefab using Guid(c11be1d1e70430e478c5ae8e1a85380f) Importer(815301076,1909f56bfc062723c751e8b465ee728b)  -> (artifact id: 'ab1380bf8aaeedca9f6a840fb4534aa0') in 0.012968 seconds 
========================================================================
Received Import Request.
  Time since last request: 4.202411 seconds.
  path: Assets/prefab/0.prefab
  artifactKey: Guid(b003078baf34a3f4eaae2d279205a6a9) Importer(815301076,1909f56bfc062723c751e8b465ee728b)
Start importing Assets/prefab/0.prefab using Guid(b003078baf34a3f4eaae2d279205a6a9) Importer(815301076,1909f56bfc062723c751e8b465ee728b)  -> (artifact id: '09eac6fd0e21d78f2f6401440c850a04') in 0.021574 seconds 
========================================================================
Received Import Request.
  Time since last request: 0.000018 seconds.
  path: Assets/prefab/4.prefab
  artifactKey: Guid(951804ba155bd464f99aca832045152c) Importer(815301076,1909f56bfc062723c751e8b465ee728b)
Start importing Assets/prefab/4.prefab using Guid(951804ba155bd464f99aca832045152c) Importer(815301076,1909f56bfc062723c751e8b465ee728b)  -> (artifact id: 'a033d0ef8feb42b4df7d8b22a2b88384') in 0.021677 seconds 
========================================================================
Received Import Request.
  Time since last request: 1.762777 seconds.
  path: Assets/prefab/0.prefab
  artifactKey: Guid(b003078baf34a3f4eaae2d279205a6a9) Importer(815301076,1909f56bfc062723c751e8b465ee728b)
Start importing Assets/prefab/0.prefab using Guid(b003078baf34a3f4eaae2d279205a6a9) Importer(815301076,1909f56bfc062723c751e8b465ee728b)  -> (artifact id: 'cc9607d0f0d89b3646b84f41106aa326') in 0.015537 seconds 
========================================================================
Received Import Request.
  Time since last request: 0.000019 seconds.
  path: Assets/prefab/4.prefab
  artifactKey: Guid(951804ba155bd464f99aca832045152c) Importer(815301076,1909f56bfc062723c751e8b465ee728b)
Start importing Assets/prefab/4.prefab using Guid(951804ba155bd464f99aca832045152c) Importer(815301076,1909f56bfc062723c751e8b465ee728b)  -> (artifact id: '29dd33a0df2dbdbc62cc99dd954317b3') in 0.014911 seconds 
========================================================================
Received Import Request.
  Time since last request: 5.229252 seconds.
  path: Assets/prefab/0.prefab
  artifactKey: Guid(b003078baf34a3f4eaae2d279205a6a9) Importer(815301076,1909f56bfc062723c751e8b465ee728b)
Start importing Assets/prefab/0.prefab using Guid(b003078baf34a3f4eaae2d279205a6a9) Importer(815301076,1909f56bfc062723c751e8b465ee728b)  -> (artifact id: 'fcf7c44dd0eddb7a97cc5b3ec8216b45') in 0.019007 seconds 
========================================================================
Received Import Request.
  Time since last request: 5.422422 seconds.
  path: Assets/prefab/0.prefab
  artifactKey: Guid(b003078baf34a3f4eaae2d279205a6a9) Importer(815301076,1909f56bfc062723c751e8b465ee728b)
Start importing Assets/prefab/0.prefab using Guid(b003078baf34a3f4eaae2d279205a6a9) Importer(815301076,1909f56bfc062723c751e8b465ee728b)  -> (artifact id: '36f5e285b569e60fd652865b8261e737') in 0.025322 seconds 
========================================================================
Received Import Request.
  Time since last request: 0.000015 seconds.
  path: Assets/prefab/5.prefab
  artifactKey: Guid(5bc789629d942df42840efca9a2a6ea0) Importer(815301076,1909f56bfc062723c751e8b465ee728b)
Start importing Assets/prefab/5.prefab using Guid(5bc789629d942df42840efca9a2a6ea0) Importer(815301076,1909f56bfc062723c751e8b465ee728b)  -> (artifact id: '7a4a9708c97875a7ffb3cdcfc812361b') in 0.021635 seconds 
========================================================================
Received Import Request.
  Time since last request: 5.007385 seconds.
  path: Assets/prefab/0.prefab
  artifactKey: Guid(b003078baf34a3f4eaae2d279205a6a9) Importer(815301076,1909f56bfc062723c751e8b465ee728b)
Start importing Assets/prefab/0.prefab using Guid(b003078baf34a3f4eaae2d279205a6a9) Importer(815301076,1909f56bfc062723c751e8b465ee728b)  -> (artifact id: 'dd2c2f30ae923c2cd46dfa6ada1b3d76') in 0.015199 seconds 
========================================================================
Received Import Request.
  Time since last request: 0.000022 seconds.
  path: Assets/prefab/5.prefab
  artifactKey: Guid(5bc789629d942df42840efca9a2a6ea0) Importer(815301076,1909f56bfc062723c751e8b465ee728b)
Start importing Assets/prefab/5.prefab using Guid(5bc789629d942df42840efca9a2a6ea0) Importer(815301076,1909f56bfc062723c751e8b465ee728b)  -> (artifact id: 'a82832d39e1e09c2a0e780292b7b7a7f') in 0.015347 seconds 
========================================================================
Received Prepare
Registering precompiled user dll's ...
Registered in 0.005222 seconds.
Begin MonoManager ReloadAssembly
Symbol file LoadedFromMemory doesn't match image C:\Users\Julie Legion\Documents\Code\perso\bubble-merge\bubble-merge\Library\PackageCache\com.unity.visualscripting@1.7.6\Editor\VisualScripting.Core\Dependencies\YamlDotNet\Unity.VisualScripting.YamlDotNet.dll
Symbol file LoadedFromMemory doesn't match image C:\Users\Julie Legion\Documents\Code\perso\bubble-merge\bubble-merge\Library\PackageCache\com.unity.visualscripting@1.7.6\Editor\VisualScripting.Core\Dependencies\DotNetZip\Unity.VisualScripting.IonicZip.dll
Native extension for WindowsStandalone target not found
Refreshing native plugins compatible for Editor in 0.89 ms, found 4 plugins.
Preloading 0 native plugins for Editor in 0.00 ms.
Mono: successfully reloaded assembly
- Completed reload, in  0.786 seconds
Domain Reload Profiling:
	ReloadAssembly (786ms)
		BeginReloadAssembly (113ms)
			ExecutionOrderSort (0ms)
			DisableScriptedObjects (5ms)
			BackupInstance (0ms)
			ReleaseScriptingObjects (0ms)
			CreateAndSetChildDomain (37ms)
		EndReloadAssembly (599ms)
			LoadAssemblies (73ms)
			RebuildTransferFunctionScriptingTraits (0ms)
			SetupTypeCache (177ms)
			ReleaseScriptCaches (2ms)
			RebuildScriptCaches (35ms)
			SetupLoadedEditorAssemblies (275ms)
				LogAssemblyErrors (0ms)
				InitializePlatformSupportModulesInManaged (11ms)
				SetLoadedEditorAssemblies (0ms)
				RefreshPlugins (1ms)
				BeforeProcessingInitializeOnLoad (71ms)
				ProcessInitializeOnLoadAttributes (151ms)
				ProcessInitializeOnLoadMethodAttributes (31ms)
				AfterProcessingInitializeOnLoad (9ms)
				EditorAssembliesLoaded (0ms)
			ExecutionOrderSort2 (0ms)
			AwakeInstancesAfterBackupRestoration (7ms)
Platform modules already initialized, skipping
Refreshing native plugins compatible for Editor in 3.92 ms, found 4 plugins.
Preloading 0 native plugins for Editor in 0.00 ms.
Unloading 4253 Unused Serialized files (Serialized files now loaded: 0)
Unloading 40 unused Assets / (24.6 KB). Loaded Objects now: 4737.
Memory consumption went from 180.8 MB to 180.8 MB.
Total: 3.444500 ms (FindLiveObjects: 0.398700 ms CreateObjectMapping: 0.154500 ms MarkObjects: 2.857500 ms  DeleteObjects: 0.033300 ms)

AssetImportParameters requested are different than current active one (requested -> active):
  custom:video-decoder-ogg-theora: a1e56fd34408186e4bbccfd4996cb3dc -> 
  custom:container-muxer-webm: aa71ff27fc2769a1b78a27578f13a17b -> 
  custom:container-demuxer-webm: 4f35f7cbe854078d1ac9338744f61a02 -> 
  custom:video-encoder-webm-vp8: eb34c28f22e8b96e1ab97ce403110664 -> 
  custom:audio-encoder-webm-vorbis: bf7c407c2cedff20999df2af8eb42d56 -> 
  custom:framework-win-MediaFoundation: 216162199b28c13a410421893ffa2e32 -> 
  custom:container-demuxer-ogg: 62fdf1f143b41e24485cea50d1cbac27 -> 
  custom:video-decoder-webm-vp8: 9c59270c3fd7afecdb556c50c9e8de78 -> 
  custom:audio-decoder-ogg-vorbis: bf7c407c2cedff20999df2af8eb42d56 -> 
Editor requested this worker to shutdown with reason: Scaling down because of idle timeout
AssetImportWorker is now disconnected from the server
Process exiting
Exiting without the bug reporter. Application will terminate with return code 0